<?xml version="1.0" encoding="UTF-8"?>
<coverage generated="1746241707025" clover="3.2.0">
  <project timestamp="1746241707025" name="All files">
    <metrics statements="351" coveredstatements="149" conditionals="152" coveredconditionals="43" methods="97" coveredmethods="34" elements="600" coveredelements="226" complexity="0" loc="351" ncloc="351" packages="3" files="7" classes="7"/>
    <package name="controllers">
      <metrics statements="22" coveredstatements="14" conditionals="8" coveredconditionals="4" methods="3" coveredmethods="2"/>
      <file name="boardController.ts" path="/Users/randomnerd/Projects/ai/youtrack-mcp/src/controllers/boardController.ts">
        <metrics statements="22" coveredstatements="14" conditionals="8" coveredconditionals="4" methods="3" coveredmethods="2"/>
        <line num="1" count="1" type="stmt"/>
        <line num="2" count="1" type="stmt"/>
        <line num="4" count="1" type="stmt"/>
        <line num="6" count="1" type="stmt"/>
        <line num="7" count="1" type="stmt"/>
        <line num="9" count="3" type="stmt"/>
        <line num="10" count="2" type="cond" truecount="3" falsecount="0"/>
        <line num="11" count="1" type="stmt"/>
        <line num="13" count="1" type="stmt"/>
        <line num="18" count="1" type="stmt"/>
        <line num="20" count="3" type="stmt"/>
        <line num="21" count="2" type="cond" truecount="1" falsecount="0"/>
        <line num="22" count="1" type="stmt"/>
        <line num="24" count="1" type="stmt"/>
        <line num="31" count="0" type="stmt"/>
        <line num="33" count="0" type="stmt"/>
        <line num="34" count="0" type="cond" truecount="0" falsecount="2"/>
        <line num="36" count="0" type="stmt"/>
        <line num="37" count="0" type="cond" truecount="0" falsecount="2"/>
        <line num="40" count="0" type="stmt"/>
        <line num="41" count="0" type="stmt"/>
        <line num="44" count="0" type="stmt"/>
      </file>
    </package>
    <package name="utils">
      <metrics statements="302" coveredstatements="121" conditionals="133" coveredconditionals="37" methods="81" coveredmethods="27"/>
      <file name="controller-utils.ts" path="/Users/randomnerd/Projects/ai/youtrack-mcp/src/utils/controller-utils.ts">
        <metrics statements="28" coveredstatements="14" conditionals="18" coveredconditionals="2" methods="9" coveredmethods="3"/>
        <line num="9" count="1" type="stmt"/>
        <line num="10" count="0" type="cond" truecount="0" falsecount="1"/>
        <line num="12" count="0" type="cond" truecount="0" falsecount="2"/>
        <line num="25" count="1" type="stmt"/>
        <line num="26" count="2" type="cond" truecount="1" falsecount="3"/>
        <line num="27" count="2" type="cond" truecount="1" falsecount="1"/>
        <line num="29" count="2" type="stmt"/>
        <line num="41" count="1" type="stmt"/>
        <line num="42" count="0" type="cond" truecount="0" falsecount="4"/>
        <line num="44" count="0" type="stmt"/>
        <line num="58" count="1" type="stmt"/>
        <line num="59" count="0" type="stmt"/>
        <line num="73" count="1" type="stmt"/>
        <line num="77" count="2" type="stmt"/>
        <line num="78" count="6" type="stmt"/>
        <line num="79" count="6" type="stmt"/>
        <line num="81" count="2" type="stmt"/>
        <line num="91" count="1" type="stmt"/>
        <line num="94" count="0" type="stmt"/>
        <line num="95" count="0" type="stmt"/>
        <line num="96" count="0" type="stmt"/>
        <line num="98" count="0" type="stmt"/>
        <line num="99" count="0" type="stmt"/>
        <line num="109" count="1" type="stmt"/>
        <line num="110" count="0" type="cond" truecount="0" falsecount="3"/>
        <line num="111" count="0" type="stmt"/>
        <line num="112" count="0" type="stmt"/>
        <line num="114" count="0" type="stmt"/>
      </file>
      <file name="field-builder.ts" path="/Users/randomnerd/Projects/ai/youtrack-mcp/src/utils/field-builder.ts">
        <metrics statements="99" coveredstatements="43" conditionals="30" coveredconditionals="13" methods="17" coveredmethods="9"/>
        <line num="12" count="2" type="stmt"/>
        <line num="13" count="36" type="stmt"/>
        <line num="20" count="36" type="cond" truecount="1" falsecount="0"/>
        <line num="21" count="25" type="stmt"/>
        <line num="31" count="25" type="stmt"/>
        <line num="34" count="169" type="stmt"/>
        <line num="35" count="169" type="stmt"/>
        <line num="37" count="169" type="stmt"/>
        <line num="38" count="5267" type="stmt"/>
        <line num="40" count="5267" type="cond" truecount="2" falsecount="0"/>
        <line num="42" count="144" type="stmt"/>
        <line num="43" count="144" type="stmt"/>
        <line num="44" count="144" type="stmt"/>
        <line num="45" count="144" type="stmt"/>
        <line num="46" count="5123" type="cond" truecount="2" falsecount="0"/>
        <line num="48" count="136" type="stmt"/>
        <line num="49" count="136" type="stmt"/>
        <line num="50" count="4987" type="cond" truecount="2" falsecount="0"/>
        <line num="52" count="562" type="cond" truecount="1" falsecount="0"/>
        <line num="53" count="506" type="stmt"/>
        <line num="55" count="562" type="stmt"/>
        <line num="56" count="562" type="stmt"/>
        <line num="59" count="4425" type="stmt"/>
        <line num="60" count="4425" type="stmt"/>
        <line num="65" count="33" type="cond" truecount="1" falsecount="0"/>
        <line num="66" count="1" type="stmt"/>
        <line num="69" count="33" type="stmt"/>
        <line num="72" count="25" type="stmt"/>
        <line num="81" count="66" type="stmt"/>
        <line num="82" count="261" type="cond" truecount="3" falsecount="0"/>
        <line num="83" count="211" type="stmt"/>
        <line num="85" count="50" type="stmt"/>
        <line num="97" count="0" type="stmt"/>
        <line num="100" count="0" type="cond" truecount="0" falsecount="1"/>
        <line num="101" count="0" type="stmt"/>
        <line num="104" count="0" type="stmt"/>
        <line num="105" count="0" type="stmt"/>
        <line num="107" count="0" type="stmt"/>
        <line num="108" count="0" type="cond" truecount="0" falsecount="1"/>
        <line num="109" count="0" type="cond" truecount="0" falsecount="2"/>
        <line num="111" count="0" type="stmt"/>
        <line num="112" count="0" type="cond" truecount="0" falsecount="1"/>
        <line num="113" count="0" type="stmt"/>
        <line num="115" count="0" type="stmt"/>
        <line num="116" count="0" type="stmt"/>
        <line num="119" count="0" type="cond" truecount="0" falsecount="1"/>
        <line num="120" count="0" type="stmt"/>
        <line num="122" count="0" type="stmt"/>
        <line num="127" count="0" type="stmt"/>
        <line num="130" count="0" type="stmt"/>
        <line num="131" count="0" type="stmt"/>
        <line num="133" count="0" type="stmt"/>
        <line num="143" count="0" type="stmt"/>
        <line num="144" count="0" type="stmt"/>
        <line num="147" count="0" type="cond" truecount="0" falsecount="1"/>
        <line num="149" count="0" type="stmt"/>
        <line num="150" count="0" type="stmt"/>
        <line num="152" count="0" type="stmt"/>
        <line num="153" count="0" type="cond" truecount="0" falsecount="1"/>
        <line num="154" count="0" type="cond" truecount="0" falsecount="2"/>
        <line num="156" count="0" type="stmt"/>
        <line num="157" count="0" type="stmt"/>
        <line num="160" count="0" type="cond" truecount="0" falsecount="1"/>
        <line num="161" count="0" type="stmt"/>
        <line num="163" count="0" type="stmt"/>
        <line num="168" count="0" type="stmt"/>
        <line num="171" count="0" type="stmt"/>
        <line num="172" count="0" type="stmt"/>
        <line num="181" count="22" type="cond" truecount="0" falsecount="1"/>
        <line num="184" count="22" type="cond" truecount="1" falsecount="1"/>
        <line num="185" count="0" type="stmt"/>
        <line num="188" count="22" type="stmt"/>
        <line num="190" count="22" type="stmt"/>
        <line num="199" count="6" type="stmt"/>
        <line num="200" count="2" type="stmt"/>
        <line num="209" count="0" type="stmt"/>
        <line num="210" count="0" type="stmt"/>
        <line num="211" count="0" type="stmt"/>
        <line num="219" count="16" type="stmt"/>
        <line num="227" count="0" type="stmt"/>
        <line num="228" count="0" type="stmt"/>
        <line num="229" count="0" type="stmt"/>
        <line num="231" count="0" type="stmt"/>
        <line num="232" count="0" type="stmt"/>
        <line num="233" count="0" type="cond" truecount="0" falsecount="2"/>
        <line num="236" count="0" type="stmt"/>
        <line num="238" count="0" type="cond" truecount="0" falsecount="1"/>
        <line num="240" count="0" type="stmt"/>
        <line num="241" count="0" type="stmt"/>
        <line num="245" count="0" type="cond" truecount="0" falsecount="1"/>
        <line num="246" count="0" type="stmt"/>
        <line num="248" count="0" type="stmt"/>
        <line num="258" count="0" type="stmt"/>
        <line num="259" count="0" type="stmt"/>
        <line num="260" count="0" type="stmt"/>
        <line num="265" count="2" type="stmt"/>
        <line num="266" count="2" type="stmt"/>
        <line num="267" count="2" type="stmt"/>
        <line num="268" count="2" type="stmt"/>
      </file>
      <file name="view-utils.ts" path="/Users/randomnerd/Projects/ai/youtrack-mcp/src/utils/view-utils.ts">
        <metrics statements="15" coveredstatements="10" conditionals="9" coveredconditionals="5" methods="8" coveredmethods="2"/>
        <line num="2" count="1" type="stmt"/>
        <line num="9" count="1" type="stmt"/>
        <line num="10" count="0" type="stmt"/>
        <line num="18" count="1" type="stmt"/>
        <line num="19" count="3" type="cond" truecount="5" falsecount="1"/>
        <line num="27" count="1" type="stmt"/>
        <line num="28" count="0" type="stmt"/>
        <line num="36" count="1" type="stmt"/>
        <line num="37" count="0" type="stmt"/>
        <line num="45" count="1" type="stmt"/>
        <line num="46" count="2" type="stmt"/>
        <line num="54" count="1" type="stmt"/>
        <line num="55" count="0" type="cond" truecount="0" falsecount="2"/>
        <line num="63" count="1" type="cond" truecount="0" falsecount="1"/>
        <line num="64" count="0" type="stmt"/>
      </file>
      <file name="youtrack.ts" path="/Users/randomnerd/Projects/ai/youtrack-mcp/src/utils/youtrack.ts">
        <metrics statements="160" coveredstatements="54" conditionals="76" coveredconditionals="17" methods="47" coveredmethods="13"/>
        <line num="1" count="1" type="stmt"/>
        <line num="2" count="1" type="stmt"/>
        <line num="9" count="1" type="stmt"/>
        <line num="16" count="1" type="stmt"/>
        <line num="17" count="1" type="stmt"/>
        <line num="18" count="1" type="stmt"/>
        <line num="19" count="1" type="stmt"/>
        <line num="20" count="1" type="stmt"/>
        <line num="21" count="1" type="stmt"/>
        <line num="22" count="1" type="stmt"/>
        <line num="23" count="8" type="stmt"/>
        <line num="24" count="8" type="stmt"/>
        <line num="25" count="8" type="stmt"/>
        <line num="29" count="5" type="stmt"/>
        <line num="33" count="0" type="stmt"/>
        <line num="37" count="2" type="stmt"/>
        <line num="48" count="8" type="cond" truecount="1" falsecount="1"/>
        <line num="49" count="8" type="cond" truecount="1" falsecount="1"/>
        <line num="50" count="8" type="stmt"/>
        <line num="51" count="8" type="stmt"/>
        <line num="52" count="8" type="stmt"/>
        <line num="66" count="2" type="cond" truecount="2" falsecount="0"/>
        <line num="67" count="3" type="stmt"/>
        <line num="68" count="2" type="stmt"/>
        <line num="77" count="0" type="cond" truecount="0" falsecount="2"/>
        <line num="78" count="0" type="stmt"/>
        <line num="79" count="0" type="stmt"/>
        <line num="88" count="0" type="cond" truecount="0" falsecount="2"/>
        <line num="89" count="0" type="stmt"/>
        <line num="90" count="0" type="stmt"/>
        <line num="99" count="1" type="stmt"/>
        <line num="100" count="1" type="stmt"/>
        <line num="109" count="0" type="stmt"/>
        <line num="110" count="0" type="stmt"/>
        <line num="119" count="0" type="stmt"/>
        <line num="120" count="0" type="stmt"/>
        <line num="138" count="6" type="cond" truecount="3" falsecount="0"/>
        <line num="141" count="6" type="cond" truecount="1" falsecount="1"/>
        <line num="144" count="6" type="stmt"/>
        <line num="147" count="6" type="cond" truecount="0" falsecount="1"/>
        <line num="148" count="0" type="stmt"/>
        <line num="149" count="0" type="stmt"/>
        <line num="150" count="0" type="stmt"/>
        <line num="151" count="0" type="cond" truecount="0" falsecount="1"/>
        <line num="152" count="0" type="stmt"/>
        <line num="154" count="0" type="stmt"/>
        <line num="155" count="0" type="stmt"/>
        <line num="158" count="6" type="stmt"/>
        <line num="159" count="6" type="stmt"/>
        <line num="162" count="6" type="stmt"/>
        <line num="168" count="6" type="stmt"/>
        <line num="171" count="6" type="stmt"/>
        <line num="174" count="6" type="cond" truecount="0" falsecount="1"/>
        <line num="175" count="0" type="stmt"/>
        <line num="176" count="0" type="stmt"/>
        <line num="177" count="0" type="stmt"/>
        <line num="178" count="0" type="stmt"/>
        <line num="179" count="0" type="stmt"/>
        <line num="183" count="6" type="cond" truecount="3" falsecount="0"/>
        <line num="184" count="1" type="cond" truecount="1" falsecount="1"/>
        <line num="188" count="1" type="cond" truecount="0" falsecount="1"/>
        <line num="189" count="0" type="stmt"/>
        <line num="190" count="0" type="stmt"/>
        <line num="193" count="1" type="stmt"/>
        <line num="199" count="5" type="stmt"/>
        <line num="201" count="5" type="cond" truecount="0" falsecount="1"/>
        <line num="202" count="0" type="cond" truecount="0" falsecount="4"/>
        <line num="203" count="0" type="stmt"/>
        <line num="204" count="0" type="cond" truecount="0" falsecount="2"/>
        <line num="205" count="0" type="cond" truecount="0" falsecount="2"/>
        <line num="207" count="0" type="stmt"/>
        <line num="209" count="0" type="stmt"/>
        <line num="212" count="5" type="stmt"/>
        <line num="214" count="1" type="cond" truecount="0" falsecount="1"/>
        <line num="215" count="0" type="stmt"/>
        <line num="216" count="0" type="stmt"/>
        <line num="217" count="0" type="stmt"/>
        <line num="218" count="0" type="stmt"/>
        <line num="221" count="1" type="cond" truecount="1" falsecount="2"/>
        <line num="222" count="0" type="stmt"/>
        <line num="231" count="1" type="cond" truecount="1" falsecount="0"/>
        <line num="232" count="1" type="stmt"/>
        <line num="235" count="0" type="stmt"/>
        <line num="247" count="1" type="stmt"/>
        <line num="264" count="1" type="stmt"/>
        <line num="280" count="1" type="cond" truecount="1" falsecount="0"/>
        <line num="282" count="1" type="stmt"/>
        <line num="289" count="1" type="cond" truecount="0" falsecount="1"/>
        <line num="290" count="0" type="stmt"/>
        <line num="293" count="1" type="stmt"/>
        <line num="309" count="0" type="cond" truecount="0" falsecount="1"/>
        <line num="312" count="0" type="stmt"/>
        <line num="314" count="0" type="cond" truecount="0" falsecount="1"/>
        <line num="315" count="0" type="cond" truecount="0" falsecount="1"/>
        <line num="316" count="0" type="cond" truecount="0" falsecount="2"/>
        <line num="317" count="0" type="stmt"/>
        <line num="319" count="0" type="stmt"/>
        <line num="322" count="0" type="cond" truecount="0" falsecount="1"/>
        <line num="323" count="0" type="cond" truecount="0" falsecount="1"/>
        <line num="324" count="0" type="cond" truecount="0" falsecount="1"/>
        <line num="326" count="0" type="stmt"/>
        <line num="335" count="0" type="stmt"/>
        <line num="357" count="0" type="stmt"/>
        <line num="358" count="0" type="stmt"/>
        <line num="360" count="0" type="stmt"/>
        <line num="377" count="0" type="stmt"/>
        <line num="389" count="0" type="stmt"/>
        <line num="400" count="0" type="stmt"/>
        <line num="422" count="0" type="stmt"/>
        <line num="435" count="0" type="stmt"/>
        <line num="447" count="1" type="stmt"/>
        <line num="460" count="2" type="stmt"/>
        <line num="476" count="0" type="stmt"/>
        <line num="494" count="0" type="cond" truecount="0" falsecount="2"/>
        <line num="496" count="0" type="cond" truecount="0" falsecount="1"/>
        <line num="497" count="0" type="stmt"/>
        <line num="500" count="0" type="stmt"/>
        <line num="507" count="0" type="cond" truecount="0" falsecount="1"/>
        <line num="510" count="0" type="stmt"/>
        <line num="511" count="0" type="cond" truecount="0" falsecount="1"/>
        <line num="512" count="0" type="stmt"/>
        <line num="513" count="0" type="stmt"/>
        <line num="518" count="0" type="cond" truecount="0" falsecount="1"/>
        <line num="519" count="0" type="stmt"/>
        <line num="520" count="0" type="stmt"/>
        <line num="521" count="0" type="stmt"/>
        <line num="525" count="0" type="stmt"/>
        <line num="536" count="0" type="stmt"/>
        <line num="547" count="0" type="stmt"/>
        <line num="557" count="0" type="stmt"/>
        <line num="570" count="0" type="stmt"/>
        <line num="598" count="0" type="stmt"/>
        <line num="600" count="0" type="stmt"/>
        <line num="605" count="0" type="cond" truecount="0" falsecount="1"/>
        <line num="606" count="0" type="cond" truecount="0" falsecount="1"/>
        <line num="607" count="0" type="cond" truecount="0" falsecount="1"/>
        <line num="608" count="0" type="cond" truecount="0" falsecount="1"/>
        <line num="609" count="0" type="cond" truecount="0" falsecount="1"/>
        <line num="610" count="0" type="cond" truecount="0" falsecount="1"/>
        <line num="611" count="0" type="cond" truecount="0" falsecount="1"/>
        <line num="613" count="0" type="stmt"/>
        <line num="633" count="0" type="stmt"/>
        <line num="635" count="0" type="stmt"/>
        <line num="639" count="0" type="cond" truecount="0" falsecount="1"/>
        <line num="640" count="0" type="cond" truecount="0" falsecount="1"/>
        <line num="641" count="0" type="cond" truecount="0" falsecount="1"/>
        <line num="642" count="0" type="cond" truecount="0" falsecount="1"/>
        <line num="643" count="0" type="cond" truecount="0" falsecount="1"/>
        <line num="644" count="0" type="cond" truecount="0" falsecount="1"/>
        <line num="646" count="0" type="stmt"/>
        <line num="657" count="0" type="stmt"/>
        <line num="671" count="0" type="stmt"/>
        <line num="687" count="0" type="stmt"/>
        <line num="688" count="0" type="cond" truecount="0" falsecount="2"/>
        <line num="701" count="0" type="stmt"/>
        <line num="716" count="0" type="stmt"/>
        <line num="733" count="0" type="stmt"/>
        <line num="753" count="0" type="stmt"/>
        <line num="774" count="0" type="stmt"/>
        <line num="790" count="0" type="stmt"/>
      </file>
    </package>
    <package name="views">
      <metrics statements="27" coveredstatements="14" conditionals="11" coveredconditionals="2" methods="13" coveredmethods="5"/>
      <file name="boardView.ts" path="/Users/randomnerd/Projects/ai/youtrack-mcp/src/views/boardView.ts">
        <metrics statements="20" coveredstatements="11" conditionals="11" coveredconditionals="2" methods="7" coveredmethods="3"/>
        <line num="2" count="1" type="stmt"/>
        <line num="3" count="1" type="stmt"/>
        <line num="5" count="1" type="stmt"/>
        <line num="7" count="1" type="stmt"/>
        <line num="8" count="2" type="stmt"/>
        <line num="11" count="1" type="stmt"/>
        <line num="27" count="1" type="cond" truecount="2" falsecount="2"/>
        <line num="29" count="0" type="stmt"/>
        <line num="33" count="1" type="stmt"/>
        <line num="35" count="1" type="stmt"/>
        <line num="49" count="1" type="stmt"/>
        <line num="50" count="1" type="stmt"/>
        <line num="53" count="0" type="cond" truecount="0" falsecount="1"/>
        <line num="54" count="0" type="stmt"/>
        <line num="57" count="0" type="cond" truecount="0" falsecount="2"/>
        <line num="59" count="0" type="stmt"/>
        <line num="61" count="0" type="stmt"/>
        <line num="64" count="0" type="cond" truecount="0" falsecount="4"/>
        <line num="65" count="0" type="stmt"/>
        <line num="68" count="0" type="stmt"/>
      </file>
      <file name="common.ts" path="/Users/randomnerd/Projects/ai/youtrack-mcp/src/views/common.ts">
        <metrics statements="7" coveredstatements="3" conditionals="0" coveredconditionals="0" methods="6" coveredmethods="2"/>
        <line num="28" count="1" type="stmt"/>
        <line num="30" count="1" type="stmt"/>
        <line num="36" count="1" type="stmt"/>
        <line num="43" count="0" type="stmt"/>
        <line num="49" count="0" type="stmt"/>
        <line num="50" count="0" type="stmt"/>
        <line num="55" count="0" type="stmt"/>
      </file>
    </package>
  </project>
</coverage>
