{"/Users/randomnerd/Projects/ai/youtrack-mcp/src/controllers/boardController.ts": {"path":"/Users/randomnerd/Projects/ai/youtrack-mcp/src/controllers/boardController.ts","statementMap":{"0":{"start":{"line":1,"column":0},"end":{"line":1,"column":45}},"1":{"start":{"line":2,"column":0},"end":{"line":2,"column":47}},"2":{"start":{"line":4,"column":0},"end":{"line":4,"column":105}},"3":{"start":{"line":31,"column":20},"end":{"line":31,"column":55}},"4":{"start":{"line":33,"column":4},"end":{"line":45,"column":5}},"5":{"start":{"line":34,"column":6},"end":{"line":42,"column":7}},"6":{"start":{"line":36,"column":22},"end":{"line":36,"column":55}},"7":{"start":{"line":37,"column":8},"end":{"line":37,"column":72}},"8":{"start":{"line":40,"column":23},"end":{"line":40,"column":48}},"9":{"start":{"line":41,"column":8},"end":{"line":41,"column":60}},"10":{"start":{"line":44,"column":6},"end":{"line":44,"column":53}},"11":{"start":{"line":6,"column":0},"end":{"line":6,"column":13}},"12":{"start":{"line":7,"column":9},"end":{"line":7,"column":22}},"13":{"start":{"line":9,"column":21},"end":{"line":9,"column":46}},"14":{"start":{"line":10,"column":6},"end":{"line":12,"column":7}},"15":{"start":{"line":11,"column":8},"end":{"line":11,"column":63}},"16":{"start":{"line":13,"column":6},"end":{"line":13,"column":42}},"17":{"start":{"line":18,"column":9},"end":{"line":18,"column":20}},"18":{"start":{"line":20,"column":20},"end":{"line":20,"column":53}},"19":{"start":{"line":21,"column":6},"end":{"line":23,"column":7}},"20":{"start":{"line":22,"column":8},"end":{"line":22,"column":75}},"21":{"start":{"line":24,"column":6},"end":{"line":24,"column":43}}},"fnMap":{"0":{"name":"(anonymous_0)","decl":{"start":{"line":29,"column":2},"end":{"line":29,"column":8}},"loc":{"start":{"line":29,"column":55},"end":{"line":46,"column":3}}},"1":{"name":"(anonymous_1)","decl":{"start":{"line":8,"column":4},"end":{"line":8,"column":9}},"loc":{"start":{"line":8,"column":37},"end":{"line":14,"column":5}}},"2":{"name":"(anonymous_2)","decl":{"start":{"line":19,"column":4},"end":{"line":19,"column":9}},"loc":{"start":{"line":19,"column":52},"end":{"line":25,"column":5}}}},"branchMap":{"0":{"loc":{"start":{"line":34,"column":6},"end":{"line":42,"column":7}},"type":"if","locations":[{"start":{"line":34,"column":6},"end":{"line":42,"column":7}},{"start":{"line":38,"column":13},"end":{"line":42,"column":7}}]},"1":{"loc":{"start":{"line":37,"column":52},"end":{"line":37,"column":70}},"type":"binary-expr","locations":[{"start":{"line":37,"column":52},"end":{"line":37,"column":57}},{"start":{"line":37,"column":61},"end":{"line":37,"column":70}}]},"2":{"loc":{"start":{"line":10,"column":6},"end":{"line":12,"column":7}},"type":"if","locations":[{"start":{"line":10,"column":6},"end":{"line":12,"column":7}}]},"3":{"loc":{"start":{"line":10,"column":10},"end":{"line":10,"column":40}},"type":"binary-expr","locations":[{"start":{"line":10,"column":10},"end":{"line":10,"column":17}},{"start":{"line":10,"column":21},"end":{"line":10,"column":40}}]},"4":{"loc":{"start":{"line":21,"column":6},"end":{"line":23,"column":7}},"type":"if","locations":[{"start":{"line":21,"column":6},"end":{"line":23,"column":7}}]}},"s":{"0":1,"1":1,"2":1,"3":0,"4":0,"5":0,"6":0,"7":0,"8":0,"9":0,"10":0,"11":1,"12":1,"13":3,"14":2,"15":1,"16":1,"17":1,"18":3,"19":2,"20":1,"21":1},"f":{"0":0,"1":3,"2":3},"b":{"0":[0,0],"1":[0,0],"2":[1],"3":[2,2],"4":[1]}}
,"/Users/randomnerd/Projects/ai/youtrack-mcp/src/utils/controller-utils.ts": {"path":"/Users/randomnerd/Projects/ai/youtrack-mcp/src/utils/controller-utils.ts","statementMap":{"0":{"start":{"line":9,"column":0},"end":{"line":9,"column":16}},"1":{"start":{"line":25,"column":0},"end":{"line":25,"column":16}},"2":{"start":{"line":41,"column":0},"end":{"line":41,"column":16}},"3":{"start":{"line":58,"column":0},"end":{"line":58,"column":16}},"4":{"start":{"line":73,"column":0},"end":{"line":73,"column":16}},"5":{"start":{"line":91,"column":0},"end":{"line":91,"column":16}},"6":{"start":{"line":109,"column":0},"end":{"line":109,"column":16}},"7":{"start":{"line":10,"column":2},"end":{"line":10,"column":32}},"8":{"start":{"line":10,"column":15},"end":{"line":10,"column":32}},"9":{"start":{"line":12,"column":2},"end":{"line":16,"column":18}},"10":{"start":{"line":26,"column":23},"end":{"line":26,"column":96}},"11":{"start":{"line":27,"column":17},"end":{"line":27,"column":58}},"12":{"start":{"line":29,"column":2},"end":{"line":32,"column":4}},"13":{"start":{"line":42,"column":23},"end":{"line":42,"column":96}},"14":{"start":{"line":44,"column":2},"end":{"line":49,"column":4}},"15":{"start":{"line":59,"column":2},"end":{"line":64,"column":4}},"16":{"start":{"line":77,"column":2},"end":{"line":83,"column":4}},"17":{"start":{"line":78,"column":4},"end":{"line":82,"column":5}},"18":{"start":{"line":79,"column":6},"end":{"line":79,"column":31}},"19":{"start":{"line":81,"column":6},"end":{"line":81,"column":53}},"20":{"start":{"line":94,"column":2},"end":{"line":101,"column":4}},"21":{"start":{"line":95,"column":4},"end":{"line":100,"column":5}},"22":{"start":{"line":96,"column":6},"end":{"line":96,"column":31}},"23":{"start":{"line":98,"column":18},"end":{"line":98,"column":32}},"24":{"start":{"line":99,"column":6},"end":{"line":99,"column":69}},"25":{"start":{"line":110,"column":2},"end":{"line":110,"column":56}},"26":{"start":{"line":110,"column":43},"end":{"line":110,"column":56}},"27":{"start":{"line":111,"column":2},"end":{"line":115,"column":3}},"28":{"start":{"line":112,"column":4},"end":{"line":112,"column":47}},"29":{"start":{"line":114,"column":4},"end":{"line":114,"column":17}}},"fnMap":{"0":{"name":"extractParam","decl":{"start":{"line":9,"column":16},"end":{"line":9,"column":28}},"loc":{"start":{"line":9,"column":59},"end":{"line":17,"column":1}}},"1":{"name":"createErrorResponse","decl":{"start":{"line":25,"column":16},"end":{"line":25,"column":35}},"loc":{"start":{"line":25,"column":74},"end":{"line":33,"column":1}}},"2":{"name":"createResourceErrorResponse","decl":{"start":{"line":41,"column":16},"end":{"line":41,"column":43}},"loc":{"start":{"line":41,"column":68},"end":{"line":50,"column":1}}},"3":{"name":"createResourceResponse","decl":{"start":{"line":58,"column":16},"end":{"line":58,"column":38}},"loc":{"start":{"line":58,"column":61},"end":{"line":65,"column":1}}},"4":{"name":"withErrorHandling","decl":{"start":{"line":73,"column":16},"end":{"line":73,"column":33}},"loc":{"start":{"line":75,"column":22},"end":{"line":84,"column":1}}},"5":{"name":"(anonymous_5)","decl":{"start":{"line":77,"column":9},"end":{"line":77,"column":14}},"loc":{"start":{"line":77,"column":56},"end":{"line":83,"column":3}}},"6":{"name":"withResourceErrorHandling","decl":{"start":{"line":91,"column":16},"end":{"line":91,"column":41}},"loc":{"start":{"line":92,"column":32},"end":{"line":102,"column":1}}},"7":{"name":"(anonymous_7)","decl":{"start":{"line":94,"column":9},"end":{"line":94,"column":14}},"loc":{"start":{"line":94,"column":42},"end":{"line":101,"column":3}}},"8":{"name":"formatDate","decl":{"start":{"line":109,"column":16},"end":{"line":109,"column":26}},"loc":{"start":{"line":109,"column":36},"end":{"line":116,"column":1}}}},"branchMap":{"0":{"loc":{"start":{"line":10,"column":2},"end":{"line":10,"column":32}},"type":"if","locations":[{"start":{"line":10,"column":2},"end":{"line":10,"column":32}}]},"1":{"loc":{"start":{"line":12,"column":9},"end":{"line":16,"column":17}},"type":"cond-expr","locations":[{"start":{"line":13,"column":6},"end":{"line":13,"column":23}},{"start":{"line":14,"column":6},"end":{"line":16,"column":17}}]},"2":{"loc":{"start":{"line":14,"column":6},"end":{"line":16,"column":17}},"type":"cond-expr","locations":[{"start":{"line":15,"column":8},"end":{"line":15,"column":28}},{"start":{"line":16,"column":8},"end":{"line":16,"column":17}}]},"3":{"loc":{"start":{"line":26,"column":23},"end":{"line":26,"column":96}},"type":"cond-expr","locations":[{"start":{"line":26,"column":48},"end":{"line":26,"column":61}},{"start":{"line":26,"column":64},"end":{"line":26,"column":96}}]},"4":{"loc":{"start":{"line":26,"column":71},"end":{"line":26,"column":95}},"type":"binary-expr","locations":[{"start":{"line":26,"column":71},"end":{"line":26,"column":76}},{"start":{"line":26,"column":80},"end":{"line":26,"column":95}}]},"5":{"loc":{"start":{"line":27,"column":17},"end":{"line":27,"column":58}},"type":"cond-expr","locations":[{"start":{"line":27,"column":33},"end":{"line":27,"column":53}},{"start":{"line":27,"column":56},"end":{"line":27,"column":58}}]},"6":{"loc":{"start":{"line":42,"column":23},"end":{"line":42,"column":96}},"type":"cond-expr","locations":[{"start":{"line":42,"column":48},"end":{"line":42,"column":61}},{"start":{"line":42,"column":64},"end":{"line":42,"column":96}}]},"7":{"loc":{"start":{"line":42,"column":71},"end":{"line":42,"column":95}},"type":"binary-expr","locations":[{"start":{"line":42,"column":71},"end":{"line":42,"column":76}},{"start":{"line":42,"column":80},"end":{"line":42,"column":95}}]},"8":{"loc":{"start":{"line":110,"column":2},"end":{"line":110,"column":56}},"type":"if","locations":[{"start":{"line":110,"column":2},"end":{"line":110,"column":56}}]},"9":{"loc":{"start":{"line":110,"column":6},"end":{"line":110,"column":41}},"type":"binary-expr","locations":[{"start":{"line":110,"column":6},"end":{"line":110,"column":19}},{"start":{"line":110,"column":23},"end":{"line":110,"column":41}}]}},"s":{"0":1,"1":1,"2":1,"3":1,"4":1,"5":1,"6":1,"7":0,"8":0,"9":0,"10":2,"11":2,"12":2,"13":0,"14":0,"15":0,"16":2,"17":6,"18":6,"19":2,"20":0,"21":0,"22":0,"23":0,"24":0,"25":0,"26":0,"27":0,"28":0,"29":0},"f":{"0":0,"1":2,"2":0,"3":0,"4":2,"5":6,"6":0,"7":0,"8":0},"b":{"0":[0],"1":[0,0],"2":[0,0],"3":[2,0],"4":[0,0],"5":[2,0],"6":[0,0],"7":[0,0],"8":[0],"9":[0,0]}}
,"/Users/randomnerd/Projects/ai/youtrack-mcp/src/utils/field-builder.ts": {"path":"/Users/randomnerd/Projects/ai/youtrack-mcp/src/utils/field-builder.ts","statementMap":{"0":{"start":{"line":13,"column":9},"end":{"line":13,"column":38}},"1":{"start":{"line":20,"column":4},"end":{"line":22,"column":5}},"2":{"start":{"line":21,"column":6},"end":{"line":21,"column":67}},"3":{"start":{"line":31,"column":18},"end":{"line":31,"column":19}},"4":{"start":{"line":34,"column":34},"end":{"line":34,"column":36}},"5":{"start":{"line":35,"column":22},"end":{"line":35,"column":24}},"6":{"start":{"line":37,"column":6},"end":{"line":62,"column":7}},"7":{"start":{"line":38,"column":21},"end":{"line":38,"column":41}},"8":{"start":{"line":40,"column":8},"end":{"line":61,"column":9}},"9":{"start":{"line":42,"column":10},"end":{"line":42,"column":20}},"10":{"start":{"line":43,"column":27},"end":{"line":43,"column":40}},"11":{"start":{"line":44,"column":10},"end":{"line":44,"column":60}},"12":{"start":{"line":45,"column":10},"end":{"line":45,"column":25}},"13":{"start":{"line":46,"column":15},"end":{"line":61,"column":9}},"14":{"start":{"line":48,"column":10},"end":{"line":48,"column":20}},"15":{"start":{"line":49,"column":10},"end":{"line":49,"column":24}},"16":{"start":{"line":50,"column":15},"end":{"line":61,"column":9}},"17":{"start":{"line":52,"column":10},"end":{"line":54,"column":11}},"18":{"start":{"line":53,"column":12},"end":{"line":53,"column":52}},"19":{"start":{"line":55,"column":10},"end":{"line":55,"column":25}},"20":{"start":{"line":56,"column":10},"end":{"line":56,"column":20}},"21":{"start":{"line":59,"column":10},"end":{"line":59,"column":28}},"22":{"start":{"line":60,"column":10},"end":{"line":60,"column":20}},"23":{"start":{"line":65,"column":6},"end":{"line":67,"column":7}},"24":{"start":{"line":66,"column":8},"end":{"line":66,"column":48}},"25":{"start":{"line":69,"column":6},"end":{"line":69,"column":20}},"26":{"start":{"line":72,"column":4},"end":{"line":72,"column":25}},"27":{"start":{"line":81,"column":4},"end":{"line":86,"column":17}},"28":{"start":{"line":82,"column":6},"end":{"line":84,"column":7}},"29":{"start":{"line":83,"column":8},"end":{"line":83,"column":26}},"30":{"start":{"line":85,"column":6},"end":{"line":85,"column":86}},"31":{"start":{"line":97,"column":19},"end":{"line":97,"column":61}},"32":{"start":{"line":100,"column":6},"end":{"line":102,"column":7}},"33":{"start":{"line":101,"column":8},"end":{"line":101,"column":21}},"34":{"start":{"line":104,"column":26},"end":{"line":104,"column":38}},"35":{"start":{"line":105,"column":28},"end":{"line":105,"column":46}},"36":{"start":{"line":107,"column":6},"end":{"line":125,"column":7}},"37":{"start":{"line":108,"column":8},"end":{"line":124,"column":9}},"38":{"start":{"line":109,"column":10},"end":{"line":123,"column":11}},"39":{"start":{"line":111,"column":34},"end":{"line":111,"column":73}},"40":{"start":{"line":112,"column":12},"end":{"line":114,"column":13}},"41":{"start":{"line":113,"column":14},"end":{"line":113,"column":33}},"42":{"start":{"line":115,"column":12},"end":{"line":115,"column":49}},"43":{"start":{"line":116,"column":12},"end":{"line":116,"column":24}},"44":{"start":{"line":119,"column":12},"end":{"line":121,"column":13}},"45":{"start":{"line":120,"column":14},"end":{"line":120,"column":33}},"46":{"start":{"line":122,"column":12},"end":{"line":122,"column":65}},"47":{"start":{"line":127,"column":6},"end":{"line":127,"column":19}},"48":{"start":{"line":130,"column":22},"end":{"line":130,"column":37}},"49":{"start":{"line":131,"column":4},"end":{"line":131,"column":39}},"50":{"start":{"line":133,"column":4},"end":{"line":133,"column":56}},"51":{"start":{"line":143,"column":19},"end":{"line":143,"column":61}},"52":{"start":{"line":144,"column":22},"end":{"line":144,"column":42}},"53":{"start":{"line":147,"column":6},"end":{"line":147,"column":46}},"54":{"start":{"line":147,"column":33},"end":{"line":147,"column":46}},"55":{"start":{"line":149,"column":26},"end":{"line":149,"column":38}},"56":{"start":{"line":150,"column":25},"end":{"line":150,"column":51}},"57":{"start":{"line":152,"column":6},"end":{"line":166,"column":7}},"58":{"start":{"line":152,"column":19},"end":{"line":152,"column":20}},"59":{"start":{"line":153,"column":8},"end":{"line":165,"column":9}},"60":{"start":{"line":154,"column":10},"end":{"line":164,"column":11}},"61":{"start":{"line":156,"column":12},"end":{"line":156,"column":31}},"62":{"start":{"line":157,"column":12},"end":{"line":157,"column":24}},"63":{"start":{"line":160,"column":12},"end":{"line":162,"column":13}},"64":{"start":{"line":161,"column":14},"end":{"line":161,"column":27}},"65":{"start":{"line":163,"column":12},"end":{"line":163,"column":76}},"66":{"start":{"line":168,"column":6},"end":{"line":168,"column":19}},"67":{"start":{"line":171,"column":4},"end":{"line":171,"column":45}},"68":{"start":{"line":172,"column":4},"end":{"line":172,"column":56}},"69":{"start":{"line":181,"column":4},"end":{"line":181,"column":28}},"70":{"start":{"line":181,"column":16},"end":{"line":181,"column":28}},"71":{"start":{"line":184,"column":4},"end":{"line":189,"column":5}},"72":{"start":{"line":185,"column":6},"end":{"line":185,"column":33}},"73":{"start":{"line":188,"column":6},"end":{"line":188,"column":44}},"74":{"start":{"line":190,"column":4},"end":{"line":190,"column":16}},"75":{"start":{"line":199,"column":4},"end":{"line":199,"column":45}},"76":{"start":{"line":199,"column":28},"end":{"line":199,"column":43}},"77":{"start":{"line":200,"column":4},"end":{"line":200,"column":16}},"78":{"start":{"line":209,"column":25},"end":{"line":209,"column":67}},"79":{"start":{"line":210,"column":4},"end":{"line":210,"column":42}},"80":{"start":{"line":211,"column":4},"end":{"line":211,"column":16}},"81":{"start":{"line":219,"column":4},"end":{"line":219,"column":65}},"82":{"start":{"line":227,"column":18},"end":{"line":227,"column":38}},"83":{"start":{"line":228,"column":23},"end":{"line":228,"column":38}},"84":{"start":{"line":229,"column":22},"end":{"line":229,"column":24}},"85":{"start":{"line":231,"column":4},"end":{"line":249,"column":5}},"86":{"start":{"line":231,"column":17},"end":{"line":231,"column":18}},"87":{"start":{"line":232,"column":19},"end":{"line":232,"column":27}},"88":{"start":{"line":233,"column":6},"end":{"line":233,"column":66}},"89":{"start":{"line":236,"column":25},"end":{"line":236,"column":70}},"90":{"start":{"line":236,"column":51},"end":{"line":236,"column":69}},"91":{"start":{"line":238,"column":6},"end":{"line":242,"column":7}},"92":{"start":{"line":240,"column":8},"end":{"line":240,"column":52}},"93":{"start":{"line":241,"column":8},"end":{"line":241,"column":40}},"94":{"start":{"line":245,"column":6},"end":{"line":247,"column":7}},"95":{"start":{"line":246,"column":8},"end":{"line":246,"column":35}},"96":{"start":{"line":248,"column":6},"end":{"line":248,"column":43}},"97":{"start":{"line":258,"column":20},"end":{"line":258,"column":38}},"98":{"start":{"line":259,"column":4},"end":{"line":259,"column":68}},"99":{"start":{"line":260,"column":4},"end":{"line":260,"column":19}},"100":{"start":{"line":12,"column":0},"end":{"line":12,"column":13}},"101":{"start":{"line":265,"column":13},"end":{"line":265,"column":62}},"102":{"start":{"line":266,"column":13},"end":{"line":266,"column":76}},"103":{"start":{"line":267,"column":13},"end":{"line":267,"column":46}},"104":{"start":{"line":268,"column":13},"end":{"line":268,"column":52}}},"fnMap":{"0":{"name":"(anonymous_0)","decl":{"start":{"line":19,"column":2},"end":{"line":19,"column":14}},"loc":{"start":{"line":19,"column":34},"end":{"line":23,"column":3}}},"1":{"name":"(anonymous_1)","decl":{"start":{"line":30,"column":9},"end":{"line":30,"column":15}},"loc":{"start":{"line":30,"column":52},"end":{"line":73,"column":3}}},"2":{"name":"parseFields","decl":{"start":{"line":33,"column":13},"end":{"line":33,"column":24}},"loc":{"start":{"line":33,"column":24},"end":{"line":70,"column":5}}},"3":{"name":"(anonymous_3)","decl":{"start":{"line":80,"column":9},"end":{"line":80,"column":15}},"loc":{"start":{"line":80,"column":59},"end":{"line":87,"column":3}}},"4":{"name":"(anonymous_4)","decl":{"start":{"line":81,"column":22},"end":{"line":81,"column":27}},"loc":{"start":{"line":81,"column":30},"end":{"line":86,"column":5}}},"5":{"name":"(anonymous_5)","decl":{"start":{"line":96,"column":9},"end":{"line":96,"column":15}},"loc":{"start":{"line":96,"column":76},"end":{"line":134,"column":3}}},"6":{"name":"findAndAddField","decl":{"start":{"line":99,"column":13},"end":{"line":99,"column":28}},"loc":{"start":{"line":99,"column":68},"end":{"line":128,"column":5}}},"7":{"name":"(anonymous_7)","decl":{"start":{"line":142,"column":9},"end":{"line":142,"column":15}},"loc":{"start":{"line":142,"column":66},"end":{"line":173,"column":3}}},"8":{"name":"findAndRemoveField","decl":{"start":{"line":146,"column":13},"end":{"line":146,"column":31}},"loc":{"start":{"line":146,"column":82},"end":{"line":169,"column":5}}},"9":{"name":"(anonymous_9)","decl":{"start":{"line":180,"column":9},"end":{"line":180,"column":12}},"loc":{"start":{"line":180,"column":26},"end":{"line":191,"column":3}}},"10":{"name":"(anonymous_10)","decl":{"start":{"line":198,"column":9},"end":{"line":198,"column":18}},"loc":{"start":{"line":198,"column":35},"end":{"line":201,"column":3}}},"11":{"name":"(anonymous_11)","decl":{"start":{"line":199,"column":19},"end":{"line":199,"column":24}},"loc":{"start":{"line":199,"column":28},"end":{"line":199,"column":43}}},"12":{"name":"(anonymous_12)","decl":{"start":{"line":208,"column":9},"end":{"line":208,"column":23}},"loc":{"start":{"line":208,"column":43},"end":{"line":212,"column":3}}},"13":{"name":"(anonymous_13)","decl":{"start":{"line":218,"column":9},"end":{"line":218,"column":14}},"loc":{"start":{"line":218,"column":14},"end":{"line":220,"column":3}}},"14":{"name":"(anonymous_14)","decl":{"start":{"line":226,"column":10},"end":{"line":226,"column":24}},"loc":{"start":{"line":226,"column":42},"end":{"line":250,"column":3}}},"15":{"name":"(anonymous_15)","decl":{"start":{"line":236,"column":43},"end":{"line":236,"column":47}},"loc":{"start":{"line":236,"column":51},"end":{"line":236,"column":69}}},"16":{"name":"(anonymous_16)","decl":{"start":{"line":257,"column":9},"end":{"line":257,"column":15}},"loc":{"start":{"line":257,"column":40},"end":{"line":261,"column":3}}}},"branchMap":{"0":{"loc":{"start":{"line":20,"column":4},"end":{"line":22,"column":5}},"type":"if","locations":[{"start":{"line":20,"column":4},"end":{"line":22,"column":5}}]},"1":{"loc":{"start":{"line":40,"column":8},"end":{"line":61,"column":9}},"type":"if","locations":[{"start":{"line":40,"column":8},"end":{"line":61,"column":9}},{"start":{"line":46,"column":15},"end":{"line":61,"column":9}}]},"2":{"loc":{"start":{"line":46,"column":15},"end":{"line":61,"column":9}},"type":"if","locations":[{"start":{"line":46,"column":15},"end":{"line":61,"column":9}},{"start":{"line":50,"column":15},"end":{"line":61,"column":9}}]},"3":{"loc":{"start":{"line":50,"column":15},"end":{"line":61,"column":9}},"type":"if","locations":[{"start":{"line":50,"column":15},"end":{"line":61,"column":9}},{"start":{"line":57,"column":15},"end":{"line":61,"column":9}}]},"4":{"loc":{"start":{"line":52,"column":10},"end":{"line":54,"column":11}},"type":"if","locations":[{"start":{"line":52,"column":10},"end":{"line":54,"column":11}}]},"5":{"loc":{"start":{"line":65,"column":6},"end":{"line":67,"column":7}},"type":"if","locations":[{"start":{"line":65,"column":6},"end":{"line":67,"column":7}}]},"6":{"loc":{"start":{"line":82,"column":6},"end":{"line":84,"column":7}},"type":"if","locations":[{"start":{"line":82,"column":6},"end":{"line":84,"column":7}}]},"7":{"loc":{"start":{"line":82,"column":10},"end":{"line":82,"column":56}},"type":"binary-expr","locations":[{"start":{"line":82,"column":10},"end":{"line":82,"column":25}},{"start":{"line":82,"column":29},"end":{"line":82,"column":56}}]},"8":{"loc":{"start":{"line":100,"column":6},"end":{"line":102,"column":7}},"type":"if","locations":[{"start":{"line":100,"column":6},"end":{"line":102,"column":7}}]},"9":{"loc":{"start":{"line":108,"column":8},"end":{"line":124,"column":9}},"type":"if","locations":[{"start":{"line":108,"column":8},"end":{"line":124,"column":9}}]},"10":{"loc":{"start":{"line":109,"column":10},"end":{"line":123,"column":11}},"type":"if","locations":[{"start":{"line":109,"column":10},"end":{"line":123,"column":11}},{"start":{"line":117,"column":17},"end":{"line":123,"column":11}}]},"11":{"loc":{"start":{"line":112,"column":12},"end":{"line":114,"column":13}},"type":"if","locations":[{"start":{"line":112,"column":12},"end":{"line":114,"column":13}}]},"12":{"loc":{"start":{"line":119,"column":12},"end":{"line":121,"column":13}},"type":"if","locations":[{"start":{"line":119,"column":12},"end":{"line":121,"column":13}}]},"13":{"loc":{"start":{"line":147,"column":6},"end":{"line":147,"column":46}},"type":"if","locations":[{"start":{"line":147,"column":6},"end":{"line":147,"column":46}}]},"14":{"loc":{"start":{"line":153,"column":8},"end":{"line":165,"column":9}},"type":"if","locations":[{"start":{"line":153,"column":8},"end":{"line":165,"column":9}}]},"15":{"loc":{"start":{"line":154,"column":10},"end":{"line":164,"column":11}},"type":"if","locations":[{"start":{"line":154,"column":10},"end":{"line":164,"column":11}},{"start":{"line":158,"column":17},"end":{"line":164,"column":11}}]},"16":{"loc":{"start":{"line":160,"column":12},"end":{"line":162,"column":13}},"type":"if","locations":[{"start":{"line":160,"column":12},"end":{"line":162,"column":13}}]},"17":{"loc":{"start":{"line":181,"column":4},"end":{"line":181,"column":28}},"type":"if","locations":[{"start":{"line":181,"column":4},"end":{"line":181,"column":28}}]},"18":{"loc":{"start":{"line":184,"column":4},"end":{"line":189,"column":5}},"type":"if","locations":[{"start":{"line":184,"column":4},"end":{"line":189,"column":5}},{"start":{"line":186,"column":11},"end":{"line":189,"column":5}}]},"19":{"loc":{"start":{"line":233,"column":20},"end":{"line":233,"column":65}},"type":"cond-expr","locations":[{"start":{"line":233,"column":34},"end":{"line":233,"column":58}},{"start":{"line":233,"column":61},"end":{"line":233,"column":65}}]},"20":{"loc":{"start":{"line":238,"column":6},"end":{"line":242,"column":7}},"type":"if","locations":[{"start":{"line":238,"column":6},"end":{"line":242,"column":7}}]},"21":{"loc":{"start":{"line":245,"column":6},"end":{"line":247,"column":7}},"type":"if","locations":[{"start":{"line":245,"column":6},"end":{"line":247,"column":7}}]}},"s":{"0":36,"1":36,"2":25,"3":25,"4":169,"5":169,"6":169,"7":5267,"8":5267,"9":144,"10":144,"11":144,"12":144,"13":5123,"14":136,"15":136,"16":4987,"17":562,"18":506,"19":562,"20":562,"21":4425,"22":4425,"23":33,"24":1,"25":33,"26":25,"27":66,"28":261,"29":211,"30":50,"31":0,"32":0,"33":0,"34":0,"35":0,"36":0,"37":0,"38":0,"39":0,"40":0,"41":0,"42":0,"43":0,"44":0,"45":0,"46":0,"47":0,"48":0,"49":0,"50":0,"51":0,"52":0,"53":0,"54":0,"55":0,"56":0,"57":0,"58":0,"59":0,"60":0,"61":0,"62":0,"63":0,"64":0,"65":0,"66":0,"67":0,"68":0,"69":22,"70":0,"71":22,"72":0,"73":22,"74":22,"75":2,"76":6,"77":2,"78":0,"79":0,"80":0,"81":16,"82":0,"83":0,"84":0,"85":0,"86":0,"87":0,"88":0,"89":0,"90":0,"91":0,"92":0,"93":0,"94":0,"95":0,"96":0,"97":0,"98":0,"99":0,"100":2,"101":2,"102":2,"103":2,"104":2},"f":{"0":36,"1":25,"2":169,"3":66,"4":261,"5":0,"6":0,"7":0,"8":0,"9":22,"10":2,"11":6,"12":0,"13":16,"14":0,"15":0,"16":0},"b":{"0":[25],"1":[144,5123],"2":[136,4987],"3":[562,4425],"4":[506],"5":[1],"6":[211],"7":[261,54],"8":[0],"9":[0],"10":[0,0],"11":[0],"12":[0],"13":[0],"14":[0],"15":[0,0],"16":[0],"17":[0],"18":[0,22],"19":[0,0],"20":[0],"21":[0]}}
,"/Users/randomnerd/Projects/ai/youtrack-mcp/src/utils/view-utils.ts": {"path":"/Users/randomnerd/Projects/ai/youtrack-mcp/src/utils/view-utils.ts","statementMap":{"0":{"start":{"line":9,"column":0},"end":{"line":9,"column":16}},"1":{"start":{"line":18,"column":0},"end":{"line":18,"column":16}},"2":{"start":{"line":27,"column":0},"end":{"line":27,"column":16}},"3":{"start":{"line":36,"column":0},"end":{"line":36,"column":16}},"4":{"start":{"line":45,"column":0},"end":{"line":45,"column":16}},"5":{"start":{"line":54,"column":0},"end":{"line":54,"column":16}},"6":{"start":{"line":63,"column":0},"end":{"line":63,"column":16}},"7":{"start":{"line":2,"column":0},"end":{"line":2,"column":48}},"8":{"start":{"line":10,"column":2},"end":{"line":10,"column":70}},"9":{"start":{"line":19,"column":2},"end":{"line":19,"column":63}},"10":{"start":{"line":19,"column":34},"end":{"line":19,"column":40}},"11":{"start":{"line":28,"column":2},"end":{"line":28,"column":89}},"12":{"start":{"line":37,"column":2},"end":{"line":37,"column":92}},"13":{"start":{"line":46,"column":2},"end":{"line":46,"column":89}},"14":{"start":{"line":55,"column":2},"end":{"line":55,"column":46}},"15":{"start":{"line":64,"column":2},"end":{"line":64,"column":28}}},"fnMap":{"0":{"name":"formatSprintPeriod","decl":{"start":{"line":9,"column":16},"end":{"line":9,"column":34}},"loc":{"start":{"line":9,"column":63},"end":{"line":11,"column":1}}},"1":{"name":"formatBoardProjects","decl":{"start":{"line":18,"column":16},"end":{"line":18,"column":35}},"loc":{"start":{"line":18,"column":62},"end":{"line":20,"column":1}}},"2":{"name":"(anonymous_2)","decl":{"start":{"line":19,"column":29},"end":{"line":19,"column":30}},"loc":{"start":{"line":19,"column":34},"end":{"line":19,"column":40}}},"3":{"name":"formatSprintListItem","decl":{"start":{"line":27,"column":16},"end":{"line":27,"column":36}},"loc":{"start":{"line":27,"column":65},"end":{"line":29,"column":1}}},"4":{"name":"formatSprintDetailItem","decl":{"start":{"line":36,"column":16},"end":{"line":36,"column":38}},"loc":{"start":{"line":36,"column":67},"end":{"line":38,"column":1}}},"5":{"name":"formatBoardListItem","decl":{"start":{"line":45,"column":16},"end":{"line":45,"column":35}},"loc":{"start":{"line":45,"column":62},"end":{"line":47,"column":1}}},"6":{"name":"formatIssueStatus","decl":{"start":{"line":54,"column":16},"end":{"line":54,"column":33}},"loc":{"start":{"line":54,"column":60},"end":{"line":56,"column":1}}},"7":{"name":"createSeparator","decl":{"start":{"line":63,"column":16},"end":{"line":63,"column":31}},"loc":{"start":{"line":63,"column":51},"end":{"line":65,"column":1}}}},"branchMap":{"0":{"loc":{"start":{"line":19,"column":9},"end":{"line":19,"column":62}},"type":"binary-expr","locations":[{"start":{"line":19,"column":9},"end":{"line":19,"column":52}},{"start":{"line":19,"column":56},"end":{"line":19,"column":62}}]},"1":{"loc":{"start":{"line":19,"column":9},"end":{"line":19,"column":52}},"type":"cond-expr","locations":[{"start":{"line":19,"column":23},"end":{"line":19,"column":25}},{"start":{"line":19,"column":23},"end":{"line":19,"column":52}}]},"2":{"loc":{"start":{"line":19,"column":9},"end":{"line":19,"column":25}},"type":"binary-expr","locations":[{"start":{"line":19,"column":9},"end":{"line":19,"column":25}},{"start":{"line":19,"column":23},"end":{"line":19,"column":25}}]},"3":{"loc":{"start":{"line":55,"column":9},"end":{"line":55,"column":45}},"type":"cond-expr","locations":[{"start":{"line":55,"column":26},"end":{"line":55,"column":36}},{"start":{"line":55,"column":39},"end":{"line":55,"column":45}}]},"4":{"loc":{"start":{"line":63,"column":32},"end":{"line":63,"column":51}},"type":"default-arg","locations":[{"start":{"line":63,"column":49},"end":{"line":63,"column":51}}]}},"s":{"0":1,"1":1,"2":1,"3":1,"4":1,"5":1,"6":1,"7":1,"8":0,"9":3,"10":0,"11":0,"12":0,"13":2,"14":0,"15":0},"f":{"0":0,"1":3,"2":0,"3":0,"4":0,"5":2,"6":0,"7":0},"b":{"0":[3,3],"1":[3,0],"2":[3,3],"3":[0,0],"4":[0]}}
,"/Users/randomnerd/Projects/ai/youtrack-mcp/src/utils/youtrack.ts": {"path":"/Users/randomnerd/Projects/ai/youtrack-mcp/src/utils/youtrack.ts","statementMap":{"0":{"start":{"line":1,"column":0},"end":{"line":1,"column":42}},"1":{"start":{"line":2,"column":0},"end":{"line":2,"column":47}},"2":{"start":{"line":29,"column":4},"end":{"line":29,"column":42}},"3":{"start":{"line":33,"column":4},"end":{"line":33,"column":43}},"4":{"start":{"line":37,"column":4},"end":{"line":37,"column":42}},"5":{"start":{"line":23,"column":10},"end":{"line":23,"column":78}},"6":{"start":{"line":24,"column":10},"end":{"line":24,"column":80}},"7":{"start":{"line":25,"column":10},"end":{"line":25,"column":78}},"8":{"start":{"line":48,"column":4},"end":{"line":48,"column":74}},"9":{"start":{"line":49,"column":4},"end":{"line":49,"column":88}},"10":{"start":{"line":50,"column":4},"end":{"line":50,"column":23}},"11":{"start":{"line":51,"column":4},"end":{"line":51,"column":23}},"12":{"start":{"line":52,"column":4},"end":{"line":57,"column":6}},"13":{"start":{"line":66,"column":22},"end":{"line":66,"column":63}},"14":{"start":{"line":67,"column":4},"end":{"line":67,"column":66}},"15":{"start":{"line":67,"column":31},"end":{"line":67,"column":64}},"16":{"start":{"line":68,"column":4},"end":{"line":68,"column":16}},"17":{"start":{"line":77,"column":22},"end":{"line":77,"column":63}},"18":{"start":{"line":78,"column":4},"end":{"line":78,"column":67}},"19":{"start":{"line":78,"column":31},"end":{"line":78,"column":65}},"20":{"start":{"line":79,"column":4},"end":{"line":79,"column":16}},"21":{"start":{"line":88,"column":22},"end":{"line":88,"column":63}},"22":{"start":{"line":89,"column":4},"end":{"line":89,"column":66}},"23":{"start":{"line":89,"column":31},"end":{"line":89,"column":64}},"24":{"start":{"line":90,"column":4},"end":{"line":90,"column":16}},"25":{"start":{"line":99,"column":4},"end":{"line":99,"column":66}},"26":{"start":{"line":100,"column":4},"end":{"line":100,"column":16}},"27":{"start":{"line":109,"column":4},"end":{"line":109,"column":67}},"28":{"start":{"line":110,"column":4},"end":{"line":110,"column":16}},"29":{"start":{"line":119,"column":4},"end":{"line":119,"column":66}},"30":{"start":{"line":120,"column":4},"end":{"line":120,"column":16}},"31":{"start":{"line":138,"column":64},"end":{"line":138,"column":71}},"32":{"start":{"line":141,"column":16},"end":{"line":141,"column":88}},"33":{"start":{"line":144,"column":27},"end":{"line":144,"column":65}},"34":{"start":{"line":147,"column":4},"end":{"line":156,"column":5}},"35":{"start":{"line":148,"column":6},"end":{"line":148,"column":54}},"36":{"start":{"line":149,"column":6},"end":{"line":149,"column":38}},"37":{"start":{"line":150,"column":6},"end":{"line":150,"column":71}},"38":{"start":{"line":151,"column":6},"end":{"line":153,"column":7}},"39":{"start":{"line":152,"column":8},"end":{"line":152,"column":60}},"40":{"start":{"line":154,"column":6},"end":{"line":154,"column":62}},"41":{"start":{"line":155,"column":6},"end":{"line":155,"column":45}},"42":{"start":{"line":158,"column":4},"end":{"line":236,"column":5}},"43":{"start":{"line":159,"column":24},"end":{"line":159,"column":34}},"44":{"start":{"line":162,"column":23},"end":{"line":169,"column":8}},"45":{"start":{"line":168,"column":30},"end":{"line":168,"column":34}},"46":{"start":{"line":171,"column":22},"end":{"line":171,"column":32}},"47":{"start":{"line":174,"column":6},"end":{"line":180,"column":7}},"48":{"start":{"line":175,"column":8},"end":{"line":175,"column":57}},"49":{"start":{"line":176,"column":8},"end":{"line":176,"column":40}},"50":{"start":{"line":177,"column":8},"end":{"line":177,"column":73}},"51":{"start":{"line":178,"column":8},"end":{"line":178,"column":54}},"52":{"start":{"line":179,"column":8},"end":{"line":179,"column":75}},"53":{"start":{"line":183,"column":6},"end":{"line":196,"column":7}},"54":{"start":{"line":184,"column":26},"end":{"line":186,"column":41}},"55":{"start":{"line":188,"column":8},"end":{"line":191,"column":9}},"56":{"start":{"line":189,"column":10},"end":{"line":189,"column":50}},"57":{"start":{"line":190,"column":10},"end":{"line":190,"column":58}},"58":{"start":{"line":193,"column":8},"end":{"line":195,"column":10}},"59":{"start":{"line":199,"column":27},"end":{"line":199,"column":45}},"60":{"start":{"line":201,"column":6},"end":{"line":210,"column":7}},"61":{"start":{"line":202,"column":8},"end":{"line":208,"column":9}},"62":{"start":{"line":203,"column":10},"end":{"line":203,"column":70}},"63":{"start":{"line":204,"column":15},"end":{"line":208,"column":9}},"64":{"start":{"line":205,"column":10},"end":{"line":205,"column":115}},"65":{"start":{"line":207,"column":10},"end":{"line":207,"column":47}},"66":{"start":{"line":209,"column":8},"end":{"line":209,"column":48}},"67":{"start":{"line":212,"column":6},"end":{"line":212,"column":26}},"68":{"start":{"line":214,"column":6},"end":{"line":219,"column":7}},"69":{"start":{"line":215,"column":8},"end":{"line":215,"column":56}},"70":{"start":{"line":216,"column":8},"end":{"line":216,"column":42}},"71":{"start":{"line":217,"column":8},"end":{"line":217,"column":39}},"72":{"start":{"line":218,"column":8},"end":{"line":218,"column":47}},"73":{"start":{"line":221,"column":6},"end":{"line":229,"column":7}},"74":{"start":{"line":222,"column":8},"end":{"line":228,"column":10}},"75":{"start":{"line":231,"column":6},"end":{"line":233,"column":7}},"76":{"start":{"line":232,"column":8},"end":{"line":232,"column":20}},"77":{"start":{"line":235,"column":6},"end":{"line":235,"column":71}},"78":{"start":{"line":247,"column":4},"end":{"line":251,"column":7}},"79":{"start":{"line":264,"column":4},"end":{"line":267,"column":7}},"80":{"start":{"line":280,"column":35},"end":{"line":280,"column":42}},"81":{"start":{"line":282,"column":43},"end":{"line":286,"column":6}},"82":{"start":{"line":289,"column":4},"end":{"line":291,"column":5}},"83":{"start":{"line":290,"column":6},"end":{"line":290,"column":31}},"84":{"start":{"line":293,"column":4},"end":{"line":293,"column":70}},"85":{"start":{"line":309,"column":68},"end":{"line":309,"column":76}},"86":{"start":{"line":312,"column":16},"end":{"line":312,"column":18}},"87":{"start":{"line":314,"column":4},"end":{"line":314,"column":49}},"88":{"start":{"line":314,"column":17},"end":{"line":314,"column":49}},"89":{"start":{"line":315,"column":4},"end":{"line":321,"column":5}},"90":{"start":{"line":316,"column":6},"end":{"line":320,"column":7}},"91":{"start":{"line":317,"column":8},"end":{"line":317,"column":28}},"92":{"start":{"line":319,"column":8},"end":{"line":319,"column":37}},"93":{"start":{"line":322,"column":4},"end":{"line":322,"column":46}},"94":{"start":{"line":322,"column":16},"end":{"line":322,"column":46}},"95":{"start":{"line":323,"column":4},"end":{"line":323,"column":45}},"96":{"start":{"line":323,"column":16},"end":{"line":323,"column":45}},"97":{"start":{"line":324,"column":4},"end":{"line":324,"column":40}},"98":{"start":{"line":324,"column":14},"end":{"line":324,"column":40}},"99":{"start":{"line":326,"column":4},"end":{"line":326,"column":54}},"100":{"start":{"line":335,"column":4},"end":{"line":340,"column":7}},"101":{"start":{"line":357,"column":21},"end":{"line":357,"column":35}},"102":{"start":{"line":358,"column":4},"end":{"line":358,"column":51}},"103":{"start":{"line":360,"column":4},"end":{"line":367,"column":7}},"104":{"start":{"line":377,"column":4},"end":{"line":380,"column":7}},"105":{"start":{"line":389,"column":4},"end":{"line":391,"column":7}},"106":{"start":{"line":400,"column":4},"end":{"line":405,"column":7}},"107":{"start":{"line":422,"column":4},"end":{"line":425,"column":7}},"108":{"start":{"line":435,"column":4},"end":{"line":437,"column":7}},"109":{"start":{"line":447,"column":4},"end":{"line":451,"column":7}},"110":{"start":{"line":460,"column":4},"end":{"line":464,"column":7}},"111":{"start":{"line":476,"column":4},"end":{"line":480,"column":7}},"112":{"start":{"line":494,"column":64},"end":{"line":494,"column":71}},"113":{"start":{"line":496,"column":4},"end":{"line":498,"column":5}},"114":{"start":{"line":497,"column":6},"end":{"line":497,"column":61}},"115":{"start":{"line":500,"column":20},"end":{"line":505,"column":6}},"116":{"start":{"line":507,"column":4},"end":{"line":507,"column":28}},"117":{"start":{"line":507,"column":18},"end":{"line":507,"column":28}},"118":{"start":{"line":510,"column":26},"end":{"line":510,"column":33}},"119":{"start":{"line":511,"column":4},"end":{"line":515,"column":5}},"120":{"start":{"line":512,"column":6},"end":{"line":514,"column":8}},"121":{"start":{"line":513,"column":8},"end":{"line":513,"column":68}},"122":{"start":{"line":518,"column":4},"end":{"line":523,"column":5}},"123":{"start":{"line":519,"column":25},"end":{"line":519,"column":46}},"124":{"start":{"line":520,"column":6},"end":{"line":522,"column":8}},"125":{"start":{"line":521,"column":20},"end":{"line":521,"column":53}},"126":{"start":{"line":525,"column":4},"end":{"line":525,"column":27}},"127":{"start":{"line":536,"column":4},"end":{"line":538,"column":7}},"128":{"start":{"line":547,"column":4},"end":{"line":549,"column":7}},"129":{"start":{"line":557,"column":4},"end":{"line":559,"column":7}},"130":{"start":{"line":570,"column":4},"end":{"line":577,"column":6}},"131":{"start":{"line":598,"column":67},"end":{"line":598,"column":74}},"132":{"start":{"line":600,"column":43},"end":{"line":603,"column":6}},"133":{"start":{"line":605,"column":4},"end":{"line":605,"column":51}},"134":{"start":{"line":605,"column":20},"end":{"line":605,"column":51}},"135":{"start":{"line":606,"column":4},"end":{"line":606,"column":47}},"136":{"start":{"line":606,"column":15},"end":{"line":606,"column":47}},"137":{"start":{"line":607,"column":4},"end":{"line":607,"column":41}},"138":{"start":{"line":607,"column":13},"end":{"line":607,"column":41}},"139":{"start":{"line":608,"column":4},"end":{"line":608,"column":39}},"140":{"start":{"line":608,"column":16},"end":{"line":608,"column":39}},"141":{"start":{"line":609,"column":4},"end":{"line":609,"column":67}},"142":{"start":{"line":609,"column":31},"end":{"line":609,"column":67}},"143":{"start":{"line":610,"column":4},"end":{"line":610,"column":45}},"144":{"start":{"line":610,"column":14},"end":{"line":610,"column":45}},"145":{"start":{"line":611,"column":4},"end":{"line":611,"column":42}},"146":{"start":{"line":611,"column":13},"end":{"line":611,"column":42}},"147":{"start":{"line":613,"column":4},"end":{"line":613,"column":99}},"148":{"start":{"line":633,"column":64},"end":{"line":633,"column":71}},"149":{"start":{"line":635,"column":43},"end":{"line":637,"column":6}},"150":{"start":{"line":639,"column":4},"end":{"line":639,"column":51}},"151":{"start":{"line":639,"column":20},"end":{"line":639,"column":51}},"152":{"start":{"line":640,"column":4},"end":{"line":640,"column":47}},"153":{"start":{"line":640,"column":15},"end":{"line":640,"column":47}},"154":{"start":{"line":641,"column":4},"end":{"line":641,"column":41}},"155":{"start":{"line":641,"column":13},"end":{"line":641,"column":41}},"156":{"start":{"line":642,"column":4},"end":{"line":642,"column":39}},"157":{"start":{"line":642,"column":16},"end":{"line":642,"column":39}},"158":{"start":{"line":643,"column":4},"end":{"line":643,"column":67}},"159":{"start":{"line":643,"column":31},"end":{"line":643,"column":67}},"160":{"start":{"line":644,"column":4},"end":{"line":644,"column":39}},"161":{"start":{"line":644,"column":16},"end":{"line":644,"column":39}},"162":{"start":{"line":646,"column":4},"end":{"line":646,"column":107}},"163":{"start":{"line":657,"column":4},"end":{"line":662,"column":6}},"164":{"start":{"line":671,"column":4},"end":{"line":678,"column":6}},"165":{"start":{"line":687,"column":19},"end":{"line":687,"column":49}},"166":{"start":{"line":688,"column":4},"end":{"line":688,"column":31}},"167":{"start":{"line":701,"column":4},"end":{"line":707,"column":6}},"168":{"start":{"line":716,"column":4},"end":{"line":724,"column":6}},"169":{"start":{"line":733,"column":4},"end":{"line":740,"column":6}},"170":{"start":{"line":753,"column":4},"end":{"line":761,"column":6}},"171":{"start":{"line":774,"column":4},"end":{"line":780,"column":6}},"172":{"start":{"line":790,"column":4},"end":{"line":795,"column":7}},"173":{"start":{"line":9,"column":0},"end":{"line":9,"column":13}},"174":{"start":{"line":16,"column":25},"end":{"line":16,"column":49}},"175":{"start":{"line":17,"column":25},"end":{"line":17,"column":58}},"176":{"start":{"line":18,"column":25},"end":{"line":18,"column":51}},"177":{"start":{"line":19,"column":25},"end":{"line":19,"column":55}},"178":{"start":{"line":20,"column":25},"end":{"line":20,"column":48}},"179":{"start":{"line":21,"column":25},"end":{"line":21,"column":49}},"180":{"start":{"line":22,"column":25},"end":{"line":22,"column":48}}},"fnMap":{"0":{"name":"(anonymous_9)","decl":{"start":{"line":28,"column":2},"end":{"line":28,"column":13}},"loc":{"start":{"line":28,"column":24},"end":{"line":30,"column":3}}},"1":{"name":"(anonymous_10)","decl":{"start":{"line":32,"column":2},"end":{"line":32,"column":13}},"loc":{"start":{"line":32,"column":25},"end":{"line":34,"column":3}}},"2":{"name":"(anonymous_11)","decl":{"start":{"line":36,"column":2},"end":{"line":36,"column":13}},"loc":{"start":{"line":36,"column":24},"end":{"line":38,"column":3}}},"3":{"name":"(anonymous_12)","decl":{"start":{"line":46,"column":2},"end":{"line":46,"column":14}},"loc":{"start":{"line":46,"column":59},"end":{"line":58,"column":3}}},"4":{"name":"(anonymous_13)","decl":{"start":{"line":65,"column":9},"end":{"line":65,"column":23}},"loc":{"start":{"line":65,"column":49},"end":{"line":69,"column":3}}},"5":{"name":"(anonymous_14)","decl":{"start":{"line":67,"column":22},"end":{"line":67,"column":27}},"loc":{"start":{"line":67,"column":31},"end":{"line":67,"column":64}}},"6":{"name":"(anonymous_15)","decl":{"start":{"line":76,"column":9},"end":{"line":76,"column":24}},"loc":{"start":{"line":76,"column":50},"end":{"line":80,"column":3}}},"7":{"name":"(anonymous_16)","decl":{"start":{"line":78,"column":22},"end":{"line":78,"column":27}},"loc":{"start":{"line":78,"column":31},"end":{"line":78,"column":65}}},"8":{"name":"(anonymous_17)","decl":{"start":{"line":87,"column":9},"end":{"line":87,"column":23}},"loc":{"start":{"line":87,"column":49},"end":{"line":91,"column":3}}},"9":{"name":"(anonymous_18)","decl":{"start":{"line":89,"column":22},"end":{"line":89,"column":27}},"loc":{"start":{"line":89,"column":31},"end":{"line":89,"column":64}}},"10":{"name":"(anonymous_19)","decl":{"start":{"line":98,"column":9},"end":{"line":98,"column":23}},"loc":{"start":{"line":98,"column":40},"end":{"line":101,"column":3}}},"11":{"name":"(anonymous_20)","decl":{"start":{"line":108,"column":9},"end":{"line":108,"column":24}},"loc":{"start":{"line":108,"column":41},"end":{"line":111,"column":3}}},"12":{"name":"(anonymous_21)","decl":{"start":{"line":118,"column":9},"end":{"line":118,"column":23}},"loc":{"start":{"line":118,"column":40},"end":{"line":121,"column":3}}},"13":{"name":"(anonymous_22)","decl":{"start":{"line":129,"column":10},"end":{"line":129,"column":15}},"loc":{"start":{"line":136,"column":10},"end":{"line":237,"column":3}}},"14":{"name":"(anonymous_23)","decl":{"start":{"line":168,"column":24},"end":{"line":168,"column":27}},"loc":{"start":{"line":168,"column":30},"end":{"line":168,"column":34}}},"15":{"name":"(anonymous_24)","decl":{"start":{"line":246,"column":2},"end":{"line":246,"column":7}},"loc":{"start":{"line":246,"column":32},"end":{"line":252,"column":3}}},"16":{"name":"(anonymous_25)","decl":{"start":{"line":260,"column":2},"end":{"line":260,"column":7}},"loc":{"start":{"line":262,"column":72},"end":{"line":268,"column":3}}},"17":{"name":"(anonymous_26)","decl":{"start":{"line":276,"column":2},"end":{"line":276,"column":7}},"loc":{"start":{"line":278,"column":53},"end":{"line":294,"column":3}}},"18":{"name":"(anonymous_27)","decl":{"start":{"line":301,"column":2},"end":{"line":301,"column":7}},"loc":{"start":{"line":308,"column":3},"end":{"line":327,"column":3}}},"19":{"name":"(anonymous_28)","decl":{"start":{"line":334,"column":2},"end":{"line":334,"column":7}},"loc":{"start":{"line":334,"column":43},"end":{"line":341,"column":3}}},"20":{"name":"(anonymous_29)","decl":{"start":{"line":351,"column":2},"end":{"line":351,"column":7}},"loc":{"start":{"line":355,"column":24},"end":{"line":368,"column":3}}},"21":{"name":"(anonymous_30)","decl":{"start":{"line":376,"column":2},"end":{"line":376,"column":7}},"loc":{"start":{"line":376,"column":53},"end":{"line":381,"column":3}}},"22":{"name":"(anonymous_31)","decl":{"start":{"line":388,"column":2},"end":{"line":388,"column":7}},"loc":{"start":{"line":388,"column":40},"end":{"line":392,"column":3}}},"23":{"name":"(anonymous_32)","decl":{"start":{"line":399,"column":2},"end":{"line":399,"column":7}},"loc":{"start":{"line":399,"column":37},"end":{"line":406,"column":3}}},"24":{"name":"(anonymous_33)","decl":{"start":{"line":414,"column":2},"end":{"line":414,"column":7}},"loc":{"start":{"line":420,"column":5},"end":{"line":426,"column":3}}},"25":{"name":"(anonymous_34)","decl":{"start":{"line":434,"column":2},"end":{"line":434,"column":7}},"loc":{"start":{"line":434,"column":20},"end":{"line":438,"column":3}}},"26":{"name":"(anonymous_35)","decl":{"start":{"line":446,"column":2},"end":{"line":446,"column":7}},"loc":{"start":{"line":446,"column":18},"end":{"line":452,"column":3}}},"27":{"name":"(anonymous_36)","decl":{"start":{"line":459,"column":2},"end":{"line":459,"column":7}},"loc":{"start":{"line":459,"column":32},"end":{"line":465,"column":3}}},"28":{"name":"(anonymous_37)","decl":{"start":{"line":475,"column":2},"end":{"line":475,"column":7}},"loc":{"start":{"line":475,"column":51},"end":{"line":481,"column":3}}},"29":{"name":"(anonymous_38)","decl":{"start":{"line":488,"column":2},"end":{"line":488,"column":7}},"loc":{"start":{"line":493,"column":3},"end":{"line":526,"column":3}}},"30":{"name":"(anonymous_39)","decl":{"start":{"line":512,"column":47},"end":{"line":512,"column":48}},"loc":{"start":{"line":513,"column":8},"end":{"line":513,"column":68}}},"31":{"name":"(anonymous_40)","decl":{"start":{"line":521,"column":8},"end":{"line":521,"column":9}},"loc":{"start":{"line":521,"column":20},"end":{"line":521,"column":53}}},"32":{"name":"(anonymous_41)","decl":{"start":{"line":535,"column":2},"end":{"line":535,"column":7}},"loc":{"start":{"line":535,"column":37},"end":{"line":539,"column":3}}},"33":{"name":"(anonymous_42)","decl":{"start":{"line":546,"column":2},"end":{"line":546,"column":7}},"loc":{"start":{"line":546,"column":37},"end":{"line":550,"column":3}}},"34":{"name":"(anonymous_43)","decl":{"start":{"line":556,"column":2},"end":{"line":556,"column":7}},"loc":{"start":{"line":556,"column":22},"end":{"line":560,"column":3}}},"35":{"name":"(anonymous_44)","decl":{"start":{"line":567,"column":2},"end":{"line":567,"column":7}},"loc":{"start":{"line":568,"column":21},"end":{"line":578,"column":3}}},"36":{"name":"(anonymous_45)","decl":{"start":{"line":586,"column":2},"end":{"line":586,"column":7}},"loc":{"start":{"line":596,"column":10},"end":{"line":614,"column":3}}},"37":{"name":"(anonymous_46)","decl":{"start":{"line":622,"column":2},"end":{"line":622,"column":7}},"loc":{"start":{"line":631,"column":10},"end":{"line":647,"column":3}}},"38":{"name":"(anonymous_47)","decl":{"start":{"line":656,"column":2},"end":{"line":656,"column":7}},"loc":{"start":{"line":656,"column":38},"end":{"line":663,"column":3}}},"39":{"name":"(anonymous_48)","decl":{"start":{"line":670,"column":2},"end":{"line":670,"column":7}},"loc":{"start":{"line":670,"column":34},"end":{"line":679,"column":3}}},"40":{"name":"(anonymous_49)","decl":{"start":{"line":686,"column":2},"end":{"line":686,"column":7}},"loc":{"start":{"line":686,"column":42},"end":{"line":689,"column":3}}},"41":{"name":"(anonymous_50)","decl":{"start":{"line":697,"column":2},"end":{"line":697,"column":7}},"loc":{"start":{"line":699,"column":48},"end":{"line":708,"column":3}}},"42":{"name":"(anonymous_51)","decl":{"start":{"line":715,"column":2},"end":{"line":715,"column":7}},"loc":{"start":{"line":715,"column":41},"end":{"line":725,"column":3}}},"43":{"name":"(anonymous_52)","decl":{"start":{"line":732,"column":2},"end":{"line":732,"column":7}},"loc":{"start":{"line":732,"column":39},"end":{"line":741,"column":3}}},"44":{"name":"(anonymous_53)","decl":{"start":{"line":750,"column":2},"end":{"line":750,"column":7}},"loc":{"start":{"line":751,"column":18},"end":{"line":762,"column":3}}},"45":{"name":"(anonymous_54)","decl":{"start":{"line":770,"column":2},"end":{"line":770,"column":7}},"loc":{"start":{"line":772,"column":61},"end":{"line":781,"column":3}}},"46":{"name":"(anonymous_55)","decl":{"start":{"line":789,"column":2},"end":{"line":789,"column":7}},"loc":{"start":{"line":789,"column":24},"end":{"line":796,"column":3}}}},"branchMap":{"0":{"loc":{"start":{"line":46,"column":46},"end":{"line":46,"column":59}},"type":"default-arg","locations":[{"start":{"line":46,"column":54},"end":{"line":46,"column":59}}]},"1":{"loc":{"start":{"line":48,"column":19},"end":{"line":48,"column":73}},"type":"cond-expr","locations":[{"start":{"line":48,"column":43},"end":{"line":48,"column":63}},{"start":{"line":48,"column":66},"end":{"line":48,"column":73}}]},"2":{"loc":{"start":{"line":49,"column":19},"end":{"line":49,"column":87}},"type":"cond-expr","locations":[{"start":{"line":49,"column":51},"end":{"line":49,"column":63}},{"start":{"line":49,"column":66},"end":{"line":49,"column":87}}]},"3":{"loc":{"start":{"line":66,"column":22},"end":{"line":66,"column":63}},"type":"cond-expr","locations":[{"start":{"line":66,"column":46},"end":{"line":66,"column":52}},{"start":{"line":66,"column":55},"end":{"line":66,"column":63}}]},"4":{"loc":{"start":{"line":77,"column":22},"end":{"line":77,"column":63}},"type":"cond-expr","locations":[{"start":{"line":77,"column":46},"end":{"line":77,"column":52}},{"start":{"line":77,"column":55},"end":{"line":77,"column":63}}]},"5":{"loc":{"start":{"line":88,"column":22},"end":{"line":88,"column":63}},"type":"cond-expr","locations":[{"start":{"line":88,"column":46},"end":{"line":88,"column":52}},{"start":{"line":88,"column":55},"end":{"line":88,"column":63}}]},"6":{"loc":{"start":{"line":131,"column":4},"end":{"line":136,"column":10}},"type":"default-arg","locations":[{"start":{"line":136,"column":8},"end":{"line":136,"column":10}}]},"7":{"loc":{"start":{"line":138,"column":12},"end":{"line":138,"column":26}},"type":"default-arg","locations":[{"start":{"line":138,"column":21},"end":{"line":138,"column":26}}]},"8":{"loc":{"start":{"line":138,"column":34},"end":{"line":138,"column":46}},"type":"default-arg","locations":[{"start":{"line":138,"column":44},"end":{"line":138,"column":46}}]},"9":{"loc":{"start":{"line":138,"column":48},"end":{"line":138,"column":59}},"type":"default-arg","locations":[{"start":{"line":138,"column":57},"end":{"line":138,"column":59}}]},"10":{"loc":{"start":{"line":141,"column":34},"end":{"line":141,"column":86}},"type":"cond-expr","locations":[{"start":{"line":141,"column":61},"end":{"line":141,"column":69}},{"start":{"line":141,"column":72},"end":{"line":141,"column":86}}]},"11":{"loc":{"start":{"line":147,"column":4},"end":{"line":156,"column":5}},"type":"if","locations":[{"start":{"line":147,"column":4},"end":{"line":156,"column":5}}]},"12":{"loc":{"start":{"line":151,"column":6},"end":{"line":153,"column":7}},"type":"if","locations":[{"start":{"line":151,"column":6},"end":{"line":153,"column":7}}]},"13":{"loc":{"start":{"line":174,"column":6},"end":{"line":180,"column":7}},"type":"if","locations":[{"start":{"line":174,"column":6},"end":{"line":180,"column":7}}]},"14":{"loc":{"start":{"line":183,"column":6},"end":{"line":196,"column":7}},"type":"if","locations":[{"start":{"line":183,"column":6},"end":{"line":196,"column":7}}]},"15":{"loc":{"start":{"line":183,"column":10},"end":{"line":183,"column":57}},"type":"binary-expr","locations":[{"start":{"line":183,"column":10},"end":{"line":183,"column":31}},{"start":{"line":183,"column":35},"end":{"line":183,"column":57}}]},"16":{"loc":{"start":{"line":184,"column":26},"end":{"line":186,"column":41}},"type":"cond-expr","locations":[{"start":{"line":185,"column":12},"end":{"line":185,"column":25}},{"start":{"line":186,"column":12},"end":{"line":186,"column":41}}]},"17":{"loc":{"start":{"line":188,"column":8},"end":{"line":191,"column":9}},"type":"if","locations":[{"start":{"line":188,"column":8},"end":{"line":191,"column":9}}]},"18":{"loc":{"start":{"line":201,"column":6},"end":{"line":210,"column":7}},"type":"if","locations":[{"start":{"line":201,"column":6},"end":{"line":210,"column":7}}]},"19":{"loc":{"start":{"line":202,"column":8},"end":{"line":208,"column":9}},"type":"if","locations":[{"start":{"line":202,"column":8},"end":{"line":208,"column":9}},{"start":{"line":204,"column":15},"end":{"line":208,"column":9}}]},"20":{"loc":{"start":{"line":202,"column":12},"end":{"line":202,"column":69}},"type":"binary-expr","locations":[{"start":{"line":202,"column":12},"end":{"line":202,"column":33}},{"start":{"line":202,"column":37},"end":{"line":202,"column":69}}]},"21":{"loc":{"start":{"line":204,"column":15},"end":{"line":208,"column":9}},"type":"if","locations":[{"start":{"line":204,"column":15},"end":{"line":208,"column":9}},{"start":{"line":206,"column":15},"end":{"line":208,"column":9}}]},"22":{"loc":{"start":{"line":205,"column":72},"end":{"line":205,"column":111}},"type":"cond-expr","locations":[{"start":{"line":205,"column":101},"end":{"line":205,"column":106}},{"start":{"line":205,"column":109},"end":{"line":205,"column":111}}]},"23":{"loc":{"start":{"line":214,"column":6},"end":{"line":219,"column":7}},"type":"if","locations":[{"start":{"line":214,"column":6},"end":{"line":219,"column":7}}]},"24":{"loc":{"start":{"line":221,"column":6},"end":{"line":229,"column":7}},"type":"if","locations":[{"start":{"line":221,"column":6},"end":{"line":229,"column":7}}]},"25":{"loc":{"start":{"line":221,"column":10},"end":{"line":221,"column":55}},"type":"binary-expr","locations":[{"start":{"line":221,"column":10},"end":{"line":221,"column":37}},{"start":{"line":221,"column":41},"end":{"line":221,"column":55}}]},"26":{"loc":{"start":{"line":224,"column":12},"end":{"line":226,"column":null}},"type":"cond-expr","locations":[{"start":{"line":225,"column":16},"end":{"line":225,"column":35}},{"start":{"line":226,"column":16},"end":{"line":226,"column":null}}]},"27":{"loc":{"start":{"line":231,"column":6},"end":{"line":233,"column":7}},"type":"if","locations":[{"start":{"line":231,"column":6},"end":{"line":233,"column":7}}]},"28":{"loc":{"start":{"line":278,"column":4},"end":{"line":278,"column":53}},"type":"default-arg","locations":[{"start":{"line":278,"column":51},"end":{"line":278,"column":53}}]},"29":{"loc":{"start":{"line":280,"column":12},"end":{"line":280,"column":22}},"type":"default-arg","locations":[{"start":{"line":280,"column":20},"end":{"line":280,"column":22}}]},"30":{"loc":{"start":{"line":289,"column":4},"end":{"line":291,"column":5}},"type":"if","locations":[{"start":{"line":289,"column":4},"end":{"line":291,"column":5}}]},"31":{"loc":{"start":{"line":309,"column":53},"end":{"line":309,"column":63}},"type":"default-arg","locations":[{"start":{"line":309,"column":61},"end":{"line":309,"column":63}}]},"32":{"loc":{"start":{"line":314,"column":4},"end":{"line":314,"column":49}},"type":"if","locations":[{"start":{"line":314,"column":4},"end":{"line":314,"column":49}}]},"33":{"loc":{"start":{"line":315,"column":4},"end":{"line":321,"column":5}},"type":"if","locations":[{"start":{"line":315,"column":4},"end":{"line":321,"column":5}}]},"34":{"loc":{"start":{"line":316,"column":6},"end":{"line":320,"column":7}},"type":"if","locations":[{"start":{"line":316,"column":6},"end":{"line":320,"column":7}},{"start":{"line":318,"column":13},"end":{"line":320,"column":7}}]},"35":{"loc":{"start":{"line":322,"column":4},"end":{"line":322,"column":46}},"type":"if","locations":[{"start":{"line":322,"column":4},"end":{"line":322,"column":46}}]},"36":{"loc":{"start":{"line":323,"column":4},"end":{"line":323,"column":45}},"type":"if","locations":[{"start":{"line":323,"column":4},"end":{"line":323,"column":45}}]},"37":{"loc":{"start":{"line":324,"column":4},"end":{"line":324,"column":40}},"type":"if","locations":[{"start":{"line":324,"column":4},"end":{"line":324,"column":40}}]},"38":{"loc":{"start":{"line":494,"column":33},"end":{"line":494,"column":47}},"type":"default-arg","locations":[{"start":{"line":494,"column":42},"end":{"line":494,"column":47}}]},"39":{"loc":{"start":{"line":494,"column":49},"end":{"line":494,"column":59}},"type":"default-arg","locations":[{"start":{"line":494,"column":57},"end":{"line":494,"column":59}}]},"40":{"loc":{"start":{"line":496,"column":4},"end":{"line":498,"column":5}},"type":"if","locations":[{"start":{"line":496,"column":4},"end":{"line":498,"column":5}}]},"41":{"loc":{"start":{"line":507,"column":4},"end":{"line":507,"column":28}},"type":"if","locations":[{"start":{"line":507,"column":4},"end":{"line":507,"column":28}}]},"42":{"loc":{"start":{"line":511,"column":4},"end":{"line":515,"column":5}},"type":"if","locations":[{"start":{"line":511,"column":4},"end":{"line":515,"column":5}}]},"43":{"loc":{"start":{"line":518,"column":4},"end":{"line":523,"column":5}},"type":"if","locations":[{"start":{"line":518,"column":4},"end":{"line":523,"column":5}}]},"44":{"loc":{"start":{"line":588,"column":4},"end":{"line":596,"column":10}},"type":"default-arg","locations":[{"start":{"line":596,"column":8},"end":{"line":596,"column":10}}]},"45":{"loc":{"start":{"line":605,"column":4},"end":{"line":605,"column":51}},"type":"if","locations":[{"start":{"line":605,"column":4},"end":{"line":605,"column":51}}]},"46":{"loc":{"start":{"line":606,"column":4},"end":{"line":606,"column":47}},"type":"if","locations":[{"start":{"line":606,"column":4},"end":{"line":606,"column":47}}]},"47":{"loc":{"start":{"line":607,"column":4},"end":{"line":607,"column":41}},"type":"if","locations":[{"start":{"line":607,"column":4},"end":{"line":607,"column":41}}]},"48":{"loc":{"start":{"line":608,"column":4},"end":{"line":608,"column":39}},"type":"if","locations":[{"start":{"line":608,"column":4},"end":{"line":608,"column":39}}]},"49":{"loc":{"start":{"line":609,"column":4},"end":{"line":609,"column":67}},"type":"if","locations":[{"start":{"line":609,"column":4},"end":{"line":609,"column":67}}]},"50":{"loc":{"start":{"line":610,"column":4},"end":{"line":610,"column":45}},"type":"if","locations":[{"start":{"line":610,"column":4},"end":{"line":610,"column":45}}]},"51":{"loc":{"start":{"line":611,"column":4},"end":{"line":611,"column":42}},"type":"if","locations":[{"start":{"line":611,"column":4},"end":{"line":611,"column":42}}]},"52":{"loc":{"start":{"line":624,"column":4},"end":{"line":631,"column":10}},"type":"default-arg","locations":[{"start":{"line":631,"column":8},"end":{"line":631,"column":10}}]},"53":{"loc":{"start":{"line":639,"column":4},"end":{"line":639,"column":51}},"type":"if","locations":[{"start":{"line":639,"column":4},"end":{"line":639,"column":51}}]},"54":{"loc":{"start":{"line":640,"column":4},"end":{"line":640,"column":47}},"type":"if","locations":[{"start":{"line":640,"column":4},"end":{"line":640,"column":47}}]},"55":{"loc":{"start":{"line":641,"column":4},"end":{"line":641,"column":41}},"type":"if","locations":[{"start":{"line":641,"column":4},"end":{"line":641,"column":41}}]},"56":{"loc":{"start":{"line":642,"column":4},"end":{"line":642,"column":39}},"type":"if","locations":[{"start":{"line":642,"column":4},"end":{"line":642,"column":39}}]},"57":{"loc":{"start":{"line":643,"column":4},"end":{"line":643,"column":67}},"type":"if","locations":[{"start":{"line":643,"column":4},"end":{"line":643,"column":67}}]},"58":{"loc":{"start":{"line":644,"column":4},"end":{"line":644,"column":39}},"type":"if","locations":[{"start":{"line":644,"column":4},"end":{"line":644,"column":39}}]},"59":{"loc":{"start":{"line":688,"column":11},"end":{"line":688,"column":30}},"type":"binary-expr","locations":[{"start":{"line":688,"column":11},"end":{"line":688,"column":24}},{"start":{"line":688,"column":28},"end":{"line":688,"column":30}}]}},"s":{"0":1,"1":1,"2":5,"3":0,"4":2,"5":8,"6":8,"7":8,"8":8,"9":8,"10":8,"11":8,"12":8,"13":2,"14":2,"15":3,"16":2,"17":0,"18":0,"19":0,"20":0,"21":0,"22":0,"23":0,"24":0,"25":1,"26":1,"27":0,"28":0,"29":0,"30":0,"31":6,"32":6,"33":6,"34":6,"35":0,"36":0,"37":0,"38":0,"39":0,"40":0,"41":0,"42":6,"43":6,"44":6,"45":6,"46":6,"47":6,"48":0,"49":0,"50":0,"51":0,"52":0,"53":6,"54":1,"55":1,"56":0,"57":0,"58":1,"59":5,"60":5,"61":0,"62":0,"63":0,"64":0,"65":0,"66":0,"67":5,"68":1,"69":0,"70":0,"71":0,"72":0,"73":1,"74":0,"75":1,"76":1,"77":0,"78":1,"79":1,"80":1,"81":1,"82":1,"83":0,"84":1,"85":0,"86":0,"87":0,"88":0,"89":0,"90":0,"91":0,"92":0,"93":0,"94":0,"95":0,"96":0,"97":0,"98":0,"99":0,"100":0,"101":0,"102":0,"103":0,"104":0,"105":0,"106":0,"107":0,"108":0,"109":1,"110":2,"111":0,"112":0,"113":0,"114":0,"115":0,"116":0,"117":0,"118":0,"119":0,"120":0,"121":0,"122":0,"123":0,"124":0,"125":0,"126":0,"127":0,"128":0,"129":0,"130":0,"131":0,"132":0,"133":0,"134":0,"135":0,"136":0,"137":0,"138":0,"139":0,"140":0,"141":0,"142":0,"143":0,"144":0,"145":0,"146":0,"147":0,"148":0,"149":0,"150":0,"151":0,"152":0,"153":0,"154":0,"155":0,"156":0,"157":0,"158":0,"159":0,"160":0,"161":0,"162":0,"163":0,"164":0,"165":0,"166":0,"167":0,"168":0,"169":0,"170":0,"171":0,"172":0,"173":1,"174":1,"175":1,"176":1,"177":1,"178":1,"179":1,"180":1},"f":{"0":5,"1":0,"2":2,"3":8,"4":2,"5":3,"6":0,"7":0,"8":0,"9":0,"10":1,"11":0,"12":0,"13":6,"14":6,"15":1,"16":1,"17":1,"18":0,"19":0,"20":0,"21":0,"22":0,"23":0,"24":0,"25":0,"26":1,"27":2,"28":0,"29":0,"30":0,"31":0,"32":0,"33":0,"34":0,"35":0,"36":0,"37":0,"38":0,"39":0,"40":0,"41":0,"42":0,"43":0,"44":0,"45":0,"46":0},"b":{"0":[8],"1":[0,8],"2":[8,0],"3":[1,1],"4":[0,0],"5":[0,0],"6":[0],"7":[5],"8":[6],"9":[1],"10":[6,0],"11":[0],"12":[0],"13":[0],"14":[1],"15":[6,6],"16":[0,1],"17":[0],"18":[0],"19":[0,0],"20":[0,0],"21":[0,0],"22":[0,0],"23":[0],"24":[0],"25":[1,0],"26":[0,0],"27":[1],"28":[1],"29":[1],"30":[0],"31":[0],"32":[0],"33":[0],"34":[0,0],"35":[0],"36":[0],"37":[0],"38":[0],"39":[0],"40":[0],"41":[0],"42":[0],"43":[0],"44":[0],"45":[0],"46":[0],"47":[0],"48":[0],"49":[0],"50":[0],"51":[0],"52":[0],"53":[0],"54":[0],"55":[0],"56":[0],"57":[0],"58":[0],"59":[0,0]}}
,"/Users/randomnerd/Projects/ai/youtrack-mcp/src/views/boardView.ts": {"path":"/Users/randomnerd/Projects/ai/youtrack-mcp/src/views/boardView.ts","statementMap":{"0":{"start":{"line":2,"column":0},"end":{"line":2,"column":69}},"1":{"start":{"line":3,"column":0},"end":{"line":3,"column":103}},"2":{"start":{"line":7,"column":23},"end":{"line":9,"column":19}},"3":{"start":{"line":8,"column":20},"end":{"line":8,"column":46}},"4":{"start":{"line":11,"column":4},"end":{"line":22,"column":6}},"5":{"start":{"line":27,"column":6},"end":{"line":31,"column":30}},"6":{"start":{"line":29,"column":27},"end":{"line":29,"column":57}},"7":{"start":{"line":33,"column":25},"end":{"line":33,"column":51}},"8":{"start":{"line":35,"column":4},"end":{"line":46,"column":6}},"9":{"start":{"line":53,"column":4},"end":{"line":55,"column":5}},"10":{"start":{"line":54,"column":6},"end":{"line":54,"column":79}},"11":{"start":{"line":57,"column":4},"end":{"line":69,"column":5}},"12":{"start":{"line":59,"column":25},"end":{"line":59,"column":76}},"13":{"start":{"line":59,"column":40},"end":{"line":59,"column":62}},"14":{"start":{"line":61,"column":6},"end":{"line":61,"column":108}},"15":{"start":{"line":64,"column":26},"end":{"line":66,"column":30}},"16":{"start":{"line":65,"column":38},"end":{"line":65,"column":68}},"17":{"start":{"line":68,"column":6},"end":{"line":68,"column":165}},"18":{"start":{"line":5,"column":0},"end":{"line":5,"column":13}},"19":{"start":{"line":49,"column":9},"end":{"line":49,"column":46}},"20":{"start":{"line":50,"column":9},"end":{"line":50,"column":46}}},"fnMap":{"0":{"name":"(anonymous_0)","decl":{"start":{"line":6,"column":2},"end":{"line":6,"column":8}},"loc":{"start":{"line":6,"column":49},"end":{"line":23,"column":3}}},"1":{"name":"(anonymous_1)","decl":{"start":{"line":8,"column":11},"end":{"line":8,"column":16}},"loc":{"start":{"line":8,"column":20},"end":{"line":8,"column":46}}},"2":{"name":"(anonymous_2)","decl":{"start":{"line":25,"column":2},"end":{"line":25,"column":8}},"loc":{"start":{"line":25,"column":48},"end":{"line":47,"column":3}}},"3":{"name":"(anonymous_3)","decl":{"start":{"line":29,"column":17},"end":{"line":29,"column":23}},"loc":{"start":{"line":29,"column":27},"end":{"line":29,"column":57}}},"4":{"name":"(anonymous_4)","decl":{"start":{"line":52,"column":2},"end":{"line":52,"column":8}},"loc":{"start":{"line":52,"column":92},"end":{"line":70,"column":3}}},"5":{"name":"(anonymous_5)","decl":{"start":{"line":59,"column":35},"end":{"line":59,"column":36}},"loc":{"start":{"line":59,"column":40},"end":{"line":59,"column":62}}},"6":{"name":"(anonymous_6)","decl":{"start":{"line":65,"column":28},"end":{"line":65,"column":34}},"loc":{"start":{"line":65,"column":38},"end":{"line":65,"column":68}}}},"branchMap":{"0":{"loc":{"start":{"line":27,"column":6},"end":{"line":31,"column":30}},"type":"cond-expr","locations":[{"start":{"line":28,"column":10},"end":{"line":30,"column":23}},{"start":{"line":31,"column":10},"end":{"line":31,"column":30}}]},"1":{"loc":{"start":{"line":27,"column":6},"end":{"line":27,"column":47}},"type":"binary-expr","locations":[{"start":{"line":27,"column":6},"end":{"line":27,"column":19}},{"start":{"line":27,"column":23},"end":{"line":27,"column":47}}]},"2":{"loc":{"start":{"line":53,"column":4},"end":{"line":55,"column":5}},"type":"if","locations":[{"start":{"line":53,"column":4},"end":{"line":55,"column":5}}]},"3":{"loc":{"start":{"line":57,"column":4},"end":{"line":69,"column":5}},"type":"if","locations":[{"start":{"line":57,"column":4},"end":{"line":69,"column":5}},{"start":{"line":62,"column":11},"end":{"line":69,"column":5}}]},"4":{"loc":{"start":{"line":64,"column":26},"end":{"line":66,"column":30}},"type":"cond-expr","locations":[{"start":{"line":65,"column":10},"end":{"line":65,"column":80}},{"start":{"line":66,"column":10},"end":{"line":66,"column":30}}]},"5":{"loc":{"start":{"line":64,"column":26},"end":{"line":64,"column":67}},"type":"binary-expr","locations":[{"start":{"line":64,"column":26},"end":{"line":64,"column":39}},{"start":{"line":64,"column":43},"end":{"line":64,"column":67}}]}},"s":{"0":1,"1":1,"2":1,"3":2,"4":1,"5":1,"6":0,"7":1,"8":1,"9":0,"10":0,"11":0,"12":0,"13":0,"14":0,"15":0,"16":0,"17":0,"18":1,"19":1,"20":1},"f":{"0":1,"1":2,"2":1,"3":0,"4":0,"5":0,"6":0},"b":{"0":[0,1],"1":[1,0],"2":[0],"3":[0,0],"4":[0,0],"5":[0,0]}}
,"/Users/randomnerd/Projects/ai/youtrack-mcp/src/views/common.ts": {"path":"/Users/randomnerd/Projects/ai/youtrack-mcp/src/views/common.ts","statementMap":{"0":{"start":{"line":30,"column":4},"end":{"line":32,"column":6}},"1":{"start":{"line":36,"column":4},"end":{"line":39,"column":6}},"2":{"start":{"line":43,"column":4},"end":{"line":45,"column":6}},"3":{"start":{"line":49,"column":4},"end":{"line":51,"column":6}},"4":{"start":{"line":50,"column":34},"end":{"line":50,"column":71}},"5":{"start":{"line":55,"column":4},"end":{"line":60,"column":6}},"6":{"start":{"line":28,"column":0},"end":{"line":28,"column":13}}},"fnMap":{"0":{"name":"(anonymous_0)","decl":{"start":{"line":29,"column":2},"end":{"line":29,"column":8}},"loc":{"start":{"line":29,"column":36},"end":{"line":33,"column":3}}},"1":{"name":"(anonymous_1)","decl":{"start":{"line":35,"column":2},"end":{"line":35,"column":8}},"loc":{"start":{"line":35,"column":36},"end":{"line":40,"column":3}}},"2":{"name":"(anonymous_2)","decl":{"start":{"line":42,"column":2},"end":{"line":42,"column":8}},"loc":{"start":{"line":42,"column":32},"end":{"line":46,"column":3}}},"3":{"name":"(anonymous_3)","decl":{"start":{"line":48,"column":2},"end":{"line":48,"column":8}},"loc":{"start":{"line":48,"column":39},"end":{"line":52,"column":3}}},"4":{"name":"(anonymous_4)","decl":{"start":{"line":50,"column":25},"end":{"line":50,"column":29}},"loc":{"start":{"line":50,"column":34},"end":{"line":50,"column":71}}},"5":{"name":"(anonymous_5)","decl":{"start":{"line":54,"column":2},"end":{"line":54,"column":8}},"loc":{"start":{"line":54,"column":54},"end":{"line":61,"column":3}}}},"branchMap":{},"s":{"0":1,"1":1,"2":0,"3":0,"4":0,"5":0,"6":1},"f":{"0":1,"1":1,"2":0,"3":0,"4":0,"5":0},"b":{}}
}
