TN:
SF:src/controllers/boardController.ts
FN:29,(anonymous_0)
FN:8,(anonymous_1)
FN:19,(anonymous_2)
FNF:3
FNH:2
FNDA:0,(anonymous_0)
FNDA:3,(anonymous_1)
FNDA:3,(anonymous_2)
DA:1,1
DA:2,1
DA:4,1
DA:6,1
DA:7,1
DA:9,3
DA:10,2
DA:11,1
DA:13,1
DA:18,1
DA:20,3
DA:21,2
DA:22,1
DA:24,1
DA:31,0
DA:33,0
DA:34,0
DA:36,0
DA:37,0
DA:40,0
DA:41,0
DA:44,0
LF:22
LH:14
BRDA:34,0,0,0
BRDA:34,0,1,0
BRDA:37,1,0,0
BRDA:37,1,1,0
BRDA:10,2,0,1
BRDA:10,3,0,2
BRDA:10,3,1,2
BRDA:21,4,0,1
BRF:8
BRH:4
end_of_record
TN:
SF:src/utils/controller-utils.ts
FN:9,extractParam
FN:25,createErrorResponse
FN:41,createResourceErrorResponse
FN:58,createResourceResponse
FN:73,withErrorHandling
FN:77,(anonymous_5)
FN:91,withResourceErrorHandling
FN:94,(anonymous_7)
FN:109,formatDate
FNF:9
FNH:3
FNDA:0,extractParam
FNDA:2,createErrorResponse
FNDA:0,createResourceErrorResponse
FNDA:0,createResourceResponse
FNDA:2,withErrorHandling
FNDA:6,(anonymous_5)
FNDA:0,withResourceErrorHandling
FNDA:0,(anonymous_7)
FNDA:0,formatDate
DA:9,1
DA:10,0
DA:12,0
DA:25,1
DA:26,2
DA:27,2
DA:29,2
DA:41,1
DA:42,0
DA:44,0
DA:58,1
DA:59,0
DA:73,1
DA:77,2
DA:78,6
DA:79,6
DA:81,2
DA:91,1
DA:94,0
DA:95,0
DA:96,0
DA:98,0
DA:99,0
DA:109,1
DA:110,0
DA:111,0
DA:112,0
DA:114,0
LF:28
LH:14
BRDA:10,0,0,0
BRDA:12,1,0,0
BRDA:12,1,1,0
BRDA:14,2,0,0
BRDA:14,2,1,0
BRDA:26,3,0,2
BRDA:26,3,1,0
BRDA:26,4,0,0
BRDA:26,4,1,0
BRDA:27,5,0,2
BRDA:27,5,1,0
BRDA:42,6,0,0
BRDA:42,6,1,0
BRDA:42,7,0,0
BRDA:42,7,1,0
BRDA:110,8,0,0
BRDA:110,9,0,0
BRDA:110,9,1,0
BRF:18
BRH:2
end_of_record
TN:
SF:src/utils/field-builder.ts
FN:19,(anonymous_0)
FN:30,(anonymous_1)
FN:33,parseFields
FN:80,(anonymous_3)
FN:81,(anonymous_4)
FN:96,(anonymous_5)
FN:99,findAndAddField
FN:142,(anonymous_7)
FN:146,findAndRemoveField
FN:180,(anonymous_9)
FN:198,(anonymous_10)
FN:199,(anonymous_11)
FN:208,(anonymous_12)
FN:218,(anonymous_13)
FN:226,(anonymous_14)
FN:236,(anonymous_15)
FN:257,(anonymous_16)
FNF:17
FNH:9
FNDA:36,(anonymous_0)
FNDA:25,(anonymous_1)
FNDA:169,parseFields
FNDA:66,(anonymous_3)
FNDA:261,(anonymous_4)
FNDA:0,(anonymous_5)
FNDA:0,findAndAddField
FNDA:0,(anonymous_7)
FNDA:0,findAndRemoveField
FNDA:22,(anonymous_9)
FNDA:2,(anonymous_10)
FNDA:6,(anonymous_11)
FNDA:0,(anonymous_12)
FNDA:16,(anonymous_13)
FNDA:0,(anonymous_14)
FNDA:0,(anonymous_15)
FNDA:0,(anonymous_16)
DA:12,2
DA:13,36
DA:20,36
DA:21,25
DA:31,25
DA:34,169
DA:35,169
DA:37,169
DA:38,5267
DA:40,5267
DA:42,144
DA:43,144
DA:44,144
DA:45,144
DA:46,5123
DA:48,136
DA:49,136
DA:50,4987
DA:52,562
DA:53,506
DA:55,562
DA:56,562
DA:59,4425
DA:60,4425
DA:65,33
DA:66,1
DA:69,33
DA:72,25
DA:81,66
DA:82,261
DA:83,211
DA:85,50
DA:97,0
DA:100,0
DA:101,0
DA:104,0
DA:105,0
DA:107,0
DA:108,0
DA:109,0
DA:111,0
DA:112,0
DA:113,0
DA:115,0
DA:116,0
DA:119,0
DA:120,0
DA:122,0
DA:127,0
DA:130,0
DA:131,0
DA:133,0
DA:143,0
DA:144,0
DA:147,0
DA:149,0
DA:150,0
DA:152,0
DA:153,0
DA:154,0
DA:156,0
DA:157,0
DA:160,0
DA:161,0
DA:163,0
DA:168,0
DA:171,0
DA:172,0
DA:181,22
DA:184,22
DA:185,0
DA:188,22
DA:190,22
DA:199,6
DA:200,2
DA:209,0
DA:210,0
DA:211,0
DA:219,16
DA:227,0
DA:228,0
DA:229,0
DA:231,0
DA:232,0
DA:233,0
DA:236,0
DA:238,0
DA:240,0
DA:241,0
DA:245,0
DA:246,0
DA:248,0
DA:258,0
DA:259,0
DA:260,0
DA:265,2
DA:266,2
DA:267,2
DA:268,2
LF:99
LH:43
BRDA:20,0,0,25
BRDA:40,1,0,144
BRDA:40,1,1,5123
BRDA:46,2,0,136
BRDA:46,2,1,4987
BRDA:50,3,0,562
BRDA:50,3,1,4425
BRDA:52,4,0,506
BRDA:65,5,0,1
BRDA:82,6,0,211
BRDA:82,7,0,261
BRDA:82,7,1,54
BRDA:100,8,0,0
BRDA:108,9,0,0
BRDA:109,10,0,0
BRDA:109,10,1,0
BRDA:112,11,0,0
BRDA:119,12,0,0
BRDA:147,13,0,0
BRDA:153,14,0,0
BRDA:154,15,0,0
BRDA:154,15,1,0
BRDA:160,16,0,0
BRDA:181,17,0,0
BRDA:184,18,0,0
BRDA:184,18,1,22
BRDA:233,19,0,0
BRDA:233,19,1,0
BRDA:238,20,0,0
BRDA:245,21,0,0
BRF:30
BRH:13
end_of_record
TN:
SF:src/utils/view-utils.ts
FN:9,formatSprintPeriod
FN:18,formatBoardProjects
FN:19,(anonymous_2)
FN:27,formatSprintListItem
FN:36,formatSprintDetailItem
FN:45,formatBoardListItem
FN:54,formatIssueStatus
FN:63,createSeparator
FNF:8
FNH:2
FNDA:0,formatSprintPeriod
FNDA:3,formatBoardProjects
FNDA:0,(anonymous_2)
FNDA:0,formatSprintListItem
FNDA:0,formatSprintDetailItem
FNDA:2,formatBoardListItem
FNDA:0,formatIssueStatus
FNDA:0,createSeparator
DA:2,1
DA:9,1
DA:10,0
DA:18,1
DA:19,3
DA:27,1
DA:28,0
DA:36,1
DA:37,0
DA:45,1
DA:46,2
DA:54,1
DA:55,0
DA:63,1
DA:64,0
LF:15
LH:10
BRDA:19,0,0,3
BRDA:19,0,1,3
BRDA:19,1,0,3
BRDA:19,1,1,0
BRDA:19,2,0,3
BRDA:19,2,1,3
BRDA:55,3,0,0
BRDA:55,3,1,0
BRDA:63,4,0,0
BRF:9
BRH:5
end_of_record
TN:
SF:src/utils/youtrack.ts
FN:28,(anonymous_9)
FN:32,(anonymous_10)
FN:36,(anonymous_11)
FN:46,(anonymous_12)
FN:65,(anonymous_13)
FN:67,(anonymous_14)
FN:76,(anonymous_15)
FN:78,(anonymous_16)
FN:87,(anonymous_17)
FN:89,(anonymous_18)
FN:98,(anonymous_19)
FN:108,(anonymous_20)
FN:118,(anonymous_21)
FN:129,(anonymous_22)
FN:168,(anonymous_23)
FN:246,(anonymous_24)
FN:260,(anonymous_25)
FN:276,(anonymous_26)
FN:301,(anonymous_27)
FN:334,(anonymous_28)
FN:351,(anonymous_29)
FN:376,(anonymous_30)
FN:388,(anonymous_31)
FN:399,(anonymous_32)
FN:414,(anonymous_33)
FN:434,(anonymous_34)
FN:446,(anonymous_35)
FN:459,(anonymous_36)
FN:475,(anonymous_37)
FN:488,(anonymous_38)
FN:512,(anonymous_39)
FN:521,(anonymous_40)
FN:535,(anonymous_41)
FN:546,(anonymous_42)
FN:556,(anonymous_43)
FN:567,(anonymous_44)
FN:586,(anonymous_45)
FN:622,(anonymous_46)
FN:656,(anonymous_47)
FN:670,(anonymous_48)
FN:686,(anonymous_49)
FN:697,(anonymous_50)
FN:715,(anonymous_51)
FN:732,(anonymous_52)
FN:750,(anonymous_53)
FN:770,(anonymous_54)
FN:789,(anonymous_55)
FNF:47
FNH:13
FNDA:5,(anonymous_9)
FNDA:0,(anonymous_10)
FNDA:2,(anonymous_11)
FNDA:8,(anonymous_12)
FNDA:2,(anonymous_13)
FNDA:3,(anonymous_14)
FNDA:0,(anonymous_15)
FNDA:0,(anonymous_16)
FNDA:0,(anonymous_17)
FNDA:0,(anonymous_18)
FNDA:1,(anonymous_19)
FNDA:0,(anonymous_20)
FNDA:0,(anonymous_21)
FNDA:6,(anonymous_22)
FNDA:6,(anonymous_23)
FNDA:1,(anonymous_24)
FNDA:1,(anonymous_25)
FNDA:1,(anonymous_26)
FNDA:0,(anonymous_27)
FNDA:0,(anonymous_28)
FNDA:0,(anonymous_29)
FNDA:0,(anonymous_30)
FNDA:0,(anonymous_31)
FNDA:0,(anonymous_32)
FNDA:0,(anonymous_33)
FNDA:0,(anonymous_34)
FNDA:1,(anonymous_35)
FNDA:2,(anonymous_36)
FNDA:0,(anonymous_37)
FNDA:0,(anonymous_38)
FNDA:0,(anonymous_39)
FNDA:0,(anonymous_40)
FNDA:0,(anonymous_41)
FNDA:0,(anonymous_42)
FNDA:0,(anonymous_43)
FNDA:0,(anonymous_44)
FNDA:0,(anonymous_45)
FNDA:0,(anonymous_46)
FNDA:0,(anonymous_47)
FNDA:0,(anonymous_48)
FNDA:0,(anonymous_49)
FNDA:0,(anonymous_50)
FNDA:0,(anonymous_51)
FNDA:0,(anonymous_52)
FNDA:0,(anonymous_53)
FNDA:0,(anonymous_54)
FNDA:0,(anonymous_55)
DA:1,1
DA:2,1
DA:9,1
DA:16,1
DA:17,1
DA:18,1
DA:19,1
DA:20,1
DA:21,1
DA:22,1
DA:23,8
DA:24,8
DA:25,8
DA:29,5
DA:33,0
DA:37,2
DA:48,8
DA:49,8
DA:50,8
DA:51,8
DA:52,8
DA:66,2
DA:67,3
DA:68,2
DA:77,0
DA:78,0
DA:79,0
DA:88,0
DA:89,0
DA:90,0
DA:99,1
DA:100,1
DA:109,0
DA:110,0
DA:119,0
DA:120,0
DA:138,6
DA:141,6
DA:144,6
DA:147,6
DA:148,0
DA:149,0
DA:150,0
DA:151,0
DA:152,0
DA:154,0
DA:155,0
DA:158,6
DA:159,6
DA:162,6
DA:168,6
DA:171,6
DA:174,6
DA:175,0
DA:176,0
DA:177,0
DA:178,0
DA:179,0
DA:183,6
DA:184,1
DA:188,1
DA:189,0
DA:190,0
DA:193,1
DA:199,5
DA:201,5
DA:202,0
DA:203,0
DA:204,0
DA:205,0
DA:207,0
DA:209,0
DA:212,5
DA:214,1
DA:215,0
DA:216,0
DA:217,0
DA:218,0
DA:221,1
DA:222,0
DA:231,1
DA:232,1
DA:235,0
DA:247,1
DA:264,1
DA:280,1
DA:282,1
DA:289,1
DA:290,0
DA:293,1
DA:309,0
DA:312,0
DA:314,0
DA:315,0
DA:316,0
DA:317,0
DA:319,0
DA:322,0
DA:323,0
DA:324,0
DA:326,0
DA:335,0
DA:357,0
DA:358,0
DA:360,0
DA:377,0
DA:389,0
DA:400,0
DA:422,0
DA:435,0
DA:447,1
DA:460,2
DA:476,0
DA:494,0
DA:496,0
DA:497,0
DA:500,0
DA:507,0
DA:510,0
DA:511,0
DA:512,0
DA:513,0
DA:518,0
DA:519,0
DA:520,0
DA:521,0
DA:525,0
DA:536,0
DA:547,0
DA:557,0
DA:570,0
DA:598,0
DA:600,0
DA:605,0
DA:606,0
DA:607,0
DA:608,0
DA:609,0
DA:610,0
DA:611,0
DA:613,0
DA:633,0
DA:635,0
DA:639,0
DA:640,0
DA:641,0
DA:642,0
DA:643,0
DA:644,0
DA:646,0
DA:657,0
DA:671,0
DA:687,0
DA:688,0
DA:701,0
DA:716,0
DA:733,0
DA:753,0
DA:774,0
DA:790,0
LF:160
LH:54
BRDA:46,0,0,8
BRDA:48,1,0,0
BRDA:48,1,1,8
BRDA:49,2,0,8
BRDA:49,2,1,0
BRDA:66,3,0,1
BRDA:66,3,1,1
BRDA:77,4,0,0
BRDA:77,4,1,0
BRDA:88,5,0,0
BRDA:88,5,1,0
BRDA:131,6,0,0
BRDA:138,7,0,5
BRDA:138,8,0,6
BRDA:138,9,0,1
BRDA:141,10,0,6
BRDA:141,10,1,0
BRDA:147,11,0,0
BRDA:151,12,0,0
BRDA:174,13,0,0
BRDA:183,14,0,1
BRDA:183,15,0,6
BRDA:183,15,1,6
BRDA:184,16,0,0
BRDA:184,16,1,1
BRDA:188,17,0,0
BRDA:201,18,0,0
BRDA:202,19,0,0
BRDA:202,19,1,0
BRDA:202,20,0,0
BRDA:202,20,1,0
BRDA:204,21,0,0
BRDA:204,21,1,0
BRDA:205,22,0,0
BRDA:205,22,1,0
BRDA:214,23,0,0
BRDA:221,24,0,0
BRDA:221,25,0,1
BRDA:221,25,1,0
BRDA:224,26,0,0
BRDA:224,26,1,0
BRDA:231,27,0,1
BRDA:278,28,0,1
BRDA:280,29,0,1
BRDA:289,30,0,0
BRDA:309,31,0,0
BRDA:314,32,0,0
BRDA:315,33,0,0
BRDA:316,34,0,0
BRDA:316,34,1,0
BRDA:322,35,0,0
BRDA:323,36,0,0
BRDA:324,37,0,0
BRDA:494,38,0,0
BRDA:494,39,0,0
BRDA:496,40,0,0
BRDA:507,41,0,0
BRDA:511,42,0,0
BRDA:518,43,0,0
BRDA:588,44,0,0
BRDA:605,45,0,0
BRDA:606,46,0,0
BRDA:607,47,0,0
BRDA:608,48,0,0
BRDA:609,49,0,0
BRDA:610,50,0,0
BRDA:611,51,0,0
BRDA:624,52,0,0
BRDA:639,53,0,0
BRDA:640,54,0,0
BRDA:641,55,0,0
BRDA:642,56,0,0
BRDA:643,57,0,0
BRDA:644,58,0,0
BRDA:688,59,0,0
BRDA:688,59,1,0
BRF:76
BRH:17
end_of_record
TN:
SF:src/views/boardView.ts
FN:6,(anonymous_0)
FN:8,(anonymous_1)
FN:25,(anonymous_2)
FN:29,(anonymous_3)
FN:52,(anonymous_4)
FN:59,(anonymous_5)
FN:65,(anonymous_6)
FNF:7
FNH:3
FNDA:1,(anonymous_0)
FNDA:2,(anonymous_1)
FNDA:1,(anonymous_2)
FNDA:0,(anonymous_3)
FNDA:0,(anonymous_4)
FNDA:0,(anonymous_5)
FNDA:0,(anonymous_6)
DA:2,1
DA:3,1
DA:5,1
DA:7,1
DA:8,2
DA:11,1
DA:27,1
DA:29,0
DA:33,1
DA:35,1
DA:49,1
DA:50,1
DA:53,0
DA:54,0
DA:57,0
DA:59,0
DA:61,0
DA:64,0
DA:65,0
DA:68,0
LF:20
LH:11
BRDA:27,0,0,0
BRDA:27,0,1,1
BRDA:27,1,0,1
BRDA:27,1,1,0
BRDA:53,2,0,0
BRDA:57,3,0,0
BRDA:57,3,1,0
BRDA:64,4,0,0
BRDA:64,4,1,0
BRDA:64,5,0,0
BRDA:64,5,1,0
BRF:11
BRH:2
end_of_record
TN:
SF:src/views/common.ts
FN:29,(anonymous_0)
FN:35,(anonymous_1)
FN:42,(anonymous_2)
FN:48,(anonymous_3)
FN:50,(anonymous_4)
FN:54,(anonymous_5)
FNF:6
FNH:2
FNDA:1,(anonymous_0)
FNDA:1,(anonymous_1)
FNDA:0,(anonymous_2)
FNDA:0,(anonymous_3)
FNDA:0,(anonymous_4)
FNDA:0,(anonymous_5)
DA:28,1
DA:30,1
DA:36,1
DA:43,0
DA:49,0
DA:50,0
DA:55,0
LF:7
LH:3
BRF:0
BRH:0
end_of_record
